  Generating ../gzdoom.pk3
  Adding credits/b@ckdrop.txt                     63.1% [  2418/  6545] Deflate
  Adding credits/crashlog.txt                     48.9% [   824/  1612] Deflate
  Adding credits/dbigfont.txt                     32.7% [   226/   336] Deflate
  Adding credits/dog sprite.txt                   25.1% [   218/   291] Deflate
  Adding credits/dsdgact.txt                      19.9% [   121/   151] Deflate
  Adding credits/dsdgatk.txt                      19.9% [   121/   151] Deflate
  Adding credits/dsdgdth.txt                      17.4% [   119/   144] Deflate
  Adding credits/dsdgpain.txt                     17.4% [   119/   144] Deflate
  Adding credits/dsdgsit.txt                      17.4% [   119/   144] Deflate
  Adding credits/icebrk1a.txt                     43.1% [   177/   311] Deflate
  Adding credits/icedth1.txt                      23.7% [   132/   173] Deflate
  Adding credits/maparrows.txt                    17.7% [   107/   130] Deflate
  Adding credits/newconsolefont.txt               50.9% [   591/  1203] Deflate
  Adding credits/railgf1.txt                      40.1% [   202/   337] Deflate
  Adding credits/rsmk.txt                         10.6% [   118/   132] Deflate
  Adding credits/sgrn.txt                         17.9% [   160/   195] Deflate
  Adding filter/doom.doom1/sprofs.txt             75.2% [   887/  3574] Deflate
  Adding filter/doom.doom2/sprofs.txt             75.2% [   887/  3574] Deflate
  Adding filter/doom.freedoom/decaldef.z          60.3% [   165/   416] Deflate
  Adding filter/game-doomchex/animated.lmp        62.7% [   189/   507] Deflate
  Adding filter/game-doomchex/sndinfo.txt         76.1% [  3266/ 13646] Deflate
  Adding filter/game-doomstrifechex/bigfont.lmp   51.6% [  3024/  6253] Deflate
  Adding filter/game-heretic/animated.lmp         50.3% [    92/   185] Deflate
  Adding filter/game-heretic/defbinds.txt          0.0% [    72/    72] Stored
  Adding filter/game-heretic/sndinfo.txt          71.2% [  1956/  6781] Deflate
  Adding filter/game-heretic/sndseq.txt           21.9% [    82/   105] Deflate
  Adding filter/game-hexen/defbinds.txt           31.8% [   167/   245] Deflate
  Adding filter/game-hexen/sndinfo.txt            77.4% [  1526/  6763] Deflate
  Adding filter/game-strife/acs/strfhelp.o        50.8% [  1573/  3196] Deflate
  Adding filter/game-strife/animated.lmp          64.3% [   271/   760] Deflate
  Adding filter/game-strife/defbinds.txt          21.0% [   124/   157] Deflate
  Adding filter/game-strife/loadacs.txt            0.0% [    10/    10] Stored
  Adding filter/game-strife/sndinfo.txt           71.9% [  2378/  8460] Deflate
  Adding filter/heretic/sprofs.txt                71.3% [   611/  2126] Deflate
  Adding filter/hexen/sprofs.txt                  75.2% [  2042/  8241] Deflate
  Adding filter/strife/sprofs.txt                 76.7% [  1860/  7999] Deflate
  Adding filter/strifeteaser1/mapinfo/conversationids.txt 57.8% [  1095/  2597] Deflate
  Adding filter/strifeteaser2/mapinfo/conversationids.txt 57.6% [  1082/  2554] Deflate
  Adding fonts/consolefont/0000.png                0.0% [  3827/  3827] Stored
  Adding fonts/consolefont/0100.png               36.4% [  1630/  2564] Deflate
  Adding fonts/consolefont/0400.png                0.0% [  1306/  1306] Stored
  Adding fonts/consolefont/font.inf                0.0% [    70/    70] Stored
  Adding glstuff/gllight.png                       0.0% [ 13073/ 13073] Stored
  Adding glstuff/glpart.png                        2.4% [ 13017/ 13343] Deflate
  Adding glstuff/glpart2.png                       0.0% [   358/   358] Stored
  Adding glstuff/mirror.png                        0.4% [ 25996/ 26089] Deflate
  Adding graphics/-badpatc.lmp                    64.7% [   193/   546] Deflate
  Adding graphics/artibox.png                     10.9% [   180/   202] Deflate
  Adding graphics/b@ckdrop.png                     0.0% [ 17433/ 17433] Stored
  Adding graphics/bal7scr1.png                     0.0% [   637/   637] Stored
  Adding graphics/bal7scr2.png                     0.0% [   665/   665] Stored
  Adding graphics/bfglite1.png                     0.0% [  1107/  1107] Stored
  Adding graphics/bfglite2.png                     0.0% [  1020/  1020] Stored
  Adding graphics/bfgscrc1.png                     0.0% [  2263/  2263] Stored
  Adding graphics/bfgscrc2.png                     0.0% [  2602/  2602] Stored
  Adding graphics/blast1.png                       0.0% [  2172/  2172] Stored
  Adding graphics/bsmear1.png                      0.0% [  1004/  1004] Stored
  Adding graphics/bsmear2.png                      0.0% [  1060/  1060] Stored
  Adding graphics/bsplat1.png                      0.0% [   595/   595] Stored
  Adding graphics/bsplat2.png                      0.0% [   810/   810] Stored
  Adding graphics/bsplat3.png                      0.0% [   346/   346] Stored
  Adding graphics/bsplat4.png                      0.0% [   366/   366] Stored
  Adding graphics/bsplat5.png                      0.0% [   399/   399] Stored
  Adding graphics/bsplat6.png                      0.0% [   615/   615] Stored
  Adding graphics/bsplat7.png                      3.5% [   221/   229] Deflate
  Adding graphics/cbalscr1.png                     0.0% [   636/   636] Stored
  Adding graphics/cbalscr2.png                     0.0% [   665/   665] Stored
  Adding graphics/cbowmark.png                     0.0% [  1680/  1680] Stored
  Adding graphics/chexcurs.png                     0.0% [   264/   264] Stored
  Adding graphics/chip1.png                        6.7% [   140/   150] Deflate
  Adding graphics/chip2.png                        7.3% [   127/   137] Deflate
  Adding graphics/chip3.png                        8.6% [   128/   140] Deflate
  Adding graphics/chip4.png                        8.3% [   121/   132] Deflate
  Adding graphics/chip5.png                        7.8% [   130/   141] Deflate
  Adding graphics/clerface.png                     2.8% [   211/   217] Deflate
  Adding graphics/cursor.png                       0.0% [   264/   264] Stored
  Adding graphics/doomcurs.png                     0.0% [   264/   264] Stored
  Adding graphics/fiteface.png                     3.6% [   217/   225] Deflate
  Adding graphics/hamoback.png                     0.0% [   831/   831] Stored
  Adding graphics/herecurs.png                     0.0% [   264/   264] Stored
  Adding graphics/hexncurs.png                     0.0% [   264/   264] Stored
  Adding graphics/invgeml1.png                     2.0% [   244/   249] Deflate
  Adding graphics/invgeml2.png                     2.0% [   246/   251] Deflate
  Adding graphics/invgemr1.png                     2.9% [   238/   245] Deflate
  Adding graphics/invgemr2.png                     2.8% [   240/   247] Deflate
  Adding graphics/m_back_d.png                     2.4% [   240/   246] Deflate
  Adding graphics/m_back_h.png                     2.9% [   238/   245] Deflate
  Adding graphics/m_back_s.png                     2.8% [   243/   250] Deflate
  Adding graphics/m_back_x.png                     2.8% [   243/   250] Deflate
  Adding graphics/mageface.png                     2.0% [   250/   255] Deflate
  Adding graphics/plasma1.png                      0.0% [  1214/  1214] Stored
  Adding graphics/plasma2.png                      0.0% [  1446/  1446] Stored
  Adding graphics/readyico.png                     2.3% [   253/   259] Deflate
  Adding graphics/scorch1.png                      0.0% [  3488/  3488] Stored
  Adding graphics/selectbo.png                    13.4% [   213/   246] Deflate
  Adding graphics/stfbany.png                      7.4% [   200/   216] Deflate
  Adding graphics/stkeys6.png                      5.1% [   187/   197] Deflate
  Adding graphics/stkeys7.png                      3.9% [   195/   203] Deflate
  Adding graphics/stkeys8.png                      4.5% [   191/   200] Deflate
  Adding graphics/stpbany.png                      9.3% [   186/   205] Deflate
  Adding graphics/strfcurs.png                     0.0% [   264/   264] Stored
  Adding graphics/twirl.png                        0.0% [  2660/  2660] Stored
  Adding graphics/wislash.png                     32.4% [   780/  1153] Deflate
  Adding graphics/xhairb1.imgz                    53.3% [    42/    90] Deflate
  Adding graphics/xhairb2.png                     10.9% [   114/   128] Deflate
  Adding graphics/xhairb3.imgz                    47.4% [    61/   116] Deflate
  Adding graphics/xhairb4.imgz                    34.1% [    54/    82] Deflate
  Adding graphics/xhairb5.imgz                    44.0% [    28/    50] Deflate
  Adding graphics/xhairb6.imgz                    23.6% [    55/    72] Deflate
  Adding graphics/xhairb7.imgz                    36.4% [    21/    33] Deflate
  Adding graphics/xhairs1.imgz                    51.0% [    24/    49] Deflate
  Adding graphics/xhairs2.imgz                    51.4% [    35/    72] Deflate
  Adding graphics/xhairs3.imgz                    53.1% [    23/    49] Deflate
  Adding graphics/xhairs4.imgz                    42.9% [    28/    49] Deflate
  Adding graphics/xhairs5.imgz                    45.5% [    18/    33] Deflate
  Adding graphics/xhairs6.imgz                    16.7% [    40/    48] Deflate
  Adding graphics/xhairs7.imgz                    52.0% [    12/    25] Deflate
  Adding maparrows/arrow.txt                      62.6% [    83/   222] Deflate
  Adding maparrows/dagger.txt                     62.8% [   141/   379] Deflate
  Adding maparrows/ddtarrow.txt                   71.4% [   156/   545] Deflate
  Adding maparrows/key.txt                        66.2% [    96/   284] Deflate
  Adding maparrows/ravenkey.txt                   55.3% [   123/   275] Deflate
  Adding mapinfo/chex.txt                         63.4% [  2131/  5821] Deflate
  Adding mapinfo/chex3.txt                        28.1% [   128/   178] Deflate
  Adding mapinfo/common.txt                       76.2% [  3203/ 13455] Deflate
  Adding mapinfo/conversationids.txt              60.8% [  2568/  6559] Deflate
  Adding mapinfo/doom1.txt                        82.7% [  1435/  8304] Deflate
  Adding mapinfo/doom2.txt                        83.4% [  1345/  8125] Deflate
  Adding mapinfo/doom2bfg.txt                     59.8% [   403/  1003] Deflate
  Adding mapinfo/doomcommon.txt                   59.0% [  1909/  4658] Deflate
  Adding mapinfo/doomitems.txt                    63.7% [  1182/  3257] Deflate
  Adding mapinfo/eternity.txt                     22.3% [   143/   184] Deflate
  Adding mapinfo/hacx.txt                         12.5% [    91/   104] Deflate
  Adding mapinfo/harmony.txt                      16.9% [   118/   142] Deflate
  Adding mapinfo/heretic.txt                      75.7% [  3429/ 14122] Deflate
  Adding mapinfo/hereticsw.txt                    20.9% [   117/   148] Deflate
  Adding mapinfo/hexdd.txt                        12.4% [    78/    89] Deflate
  Adding mapinfo/hexen.txt                        64.8% [  4040/ 11488] Deflate
  Adding mapinfo/mindefaults.txt                  56.0% [   787/  1790] Deflate
  Adding mapinfo/plutonia.txt                     81.5% [  1191/  6446] Deflate
  Adding mapinfo/strife.txt                       71.2% [  4933/ 17146] Deflate
  Adding mapinfo/tnt.txt                          81.6% [  1184/  6436] Deflate
  Adding mapinfo/ultdoom.txt                      25.4% [   132/   177] Deflate
  Adding mapinfo/urbanbrawl.txt                   17.2% [   101/   122] Deflate
  Adding sbarinfo/doom.txt                        72.2% [  1203/  4322] Deflate
  Adding sbarinfo/heretic.txt                     68.4% [  1208/  3821] Deflate
  Adding sbarinfo/hexen.txt                       76.6% [  1549/  6630] Deflate
  Adding shaders/glsl/bloomcombine.fp             23.5% [   140/   183] Deflate
  Adding shaders/glsl/bloomextract.fp             42.8% [   234/   409] Deflate
  Adding shaders/glsl/blur.fp                     77.6% [   280/  1250] Deflate
  Adding shaders/glsl/burn.fp                     41.8% [   166/   285] Deflate
  Adding shaders/glsl/colormap.fp                 36.3% [   230/   361] Deflate
  Adding shaders/glsl/depthblur.fp                60.3% [   635/  1598] Deflate
  Adding shaders/glsl/exposureaverage.fp          53.1% [   328/   700] Deflate
  Adding shaders/glsl/exposurecombine.fp          39.9% [   209/   348] Deflate
  Adding shaders/glsl/exposureextract.fp          33.8% [   180/   272] Deflate
  Adding shaders/glsl/fogboundary.fp              55.1% [   262/   584] Deflate
  Adding shaders/glsl/func_brightmap.fp           44.7% [   125/   226] Deflate
  Adding shaders/glsl/func_defaultlight.fp        42.3% [   165/   286] Deflate
  Adding shaders/glsl/func_defaultmat.fp          38.8% [   153/   250] Deflate
  Adding shaders/glsl/func_normal.fp              39.9% [   101/   168] Deflate
  Adding shaders/glsl/func_notexture.fp            0.0% [    67/    67] Stored
  Adding shaders/glsl/func_paletted.fp            27.0% [   143/   196] Deflate
  Adding shaders/glsl/func_pbr.fp                 55.9% [   194/   440] Deflate
  Adding shaders/glsl/func_spec.fp                51.8% [   201/   417] Deflate
  Adding shaders/glsl/func_warp1.fp               42.2% [   186/   322] Deflate
  Adding shaders/glsl/func_warp2.fp               53.7% [   230/   497] Deflate
  Adding shaders/glsl/func_warp3.fp               50.6% [   204/   413] Deflate
  Adding shaders/glsl/func_wavex.fp               25.8% [   155/   209] Deflate
  Adding shaders/glsl/fuzz_jagged.fp              52.0% [   312/   650] Deflate
  Adding shaders/glsl/fuzz_noise.fp               54.4% [   312/   684] Deflate
  Adding shaders/glsl/fuzz_smooth.fp              46.0% [   237/   439] Deflate
  Adding shaders/glsl/fuzz_smoothnoise.fp         48.2% [   265/   512] Deflate
  Adding shaders/glsl/fuzz_smoothtranslucent.fp   45.1% [   226/   412] Deflate
  Adding shaders/glsl/fuzz_software.fp            54.2% [   812/  1773] Deflate
  Adding shaders/glsl/fuzz_standard.fp            52.8% [   290/   615] Deflate
  Adding shaders/glsl/fuzz_swirly.fp              48.6% [   238/   463] Deflate
  Adding shaders/glsl/fxaa.fp                     85.0% [  3802/ 25293] Deflate
  Adding shaders/glsl/lensdistortion.fp           50.5% [   886/  1790] Deflate
  Adding shaders/glsl/lineardepth.fp              63.0% [   414/  1120] Deflate
  Adding shaders/glsl/main.fp                     71.4% [  4350/ 15218] Deflate
  Adding shaders/glsl/main.vp                     68.8% [  1150/  3681] Deflate
  Adding shaders/glsl/material_nolight.fp         21.7% [   119/   152] Deflate
  Adding shaders/glsl/material_normal.fp          66.5% [  1030/  3074] Deflate
  Adding shaders/glsl/material_pbr.fp             73.2% [  1626/  6068] Deflate
  Adding shaders/glsl/material_specular.fp        71.3% [  1058/  3688] Deflate
  Adding shaders/glsl/present.fp                  51.7% [   442/   916] Deflate
  Adding shaders/glsl/present_checker3d.fp        50.6% [   506/  1024] Deflate
  Adding shaders/glsl/present_column3d.fp         48.3% [   463/   896] Deflate
  Adding shaders/glsl/present_row3d.fp            48.6% [   473/   920] Deflate
  Adding shaders/glsl/screenquad.vp               38.2% [   115/   186] Deflate
  Adding shaders/glsl/screenquadscale.vp          36.2% [   125/   196] Deflate
  Adding shaders/glsl/shadowmap.fp                65.4% [  1913/  5529] Deflate
  Adding shaders/glsl/ssao.fp                     64.2% [  1295/  3613] Deflate
  Adding shaders/glsl/ssaocombine.fp              58.0% [   373/   888] Deflate
  Adding shaders/glsl/stencil.fp                  21.3% [    96/   122] Deflate
  Adding shaders/glsl/tonemap.fp                  59.4% [   754/  1856] Deflate
  Adding sounds/dsdgact.ogg                       11.4% [  6789/  7661] Deflate
  Adding sounds/dsdgatk.ogg                       13.1% [  5917/  6806] Deflate
  Adding sounds/dsdgdth.ogg                        8.2% [  9933/ 10816] Deflate
  Adding sounds/dsdgpain.ogg                      15.3% [  5073/  5992] Deflate
  Adding sounds/dsdgsit.ogg                       14.7% [  5258/  6163] Deflate
  Adding sounds/dsempty.lmp                        0.0% [    12/    12] Stored
  Adding sounds/dsquake.ogg                        3.3% [ 15213/ 15728] Deflate
  Adding sounds/dssecret.flac                      0.1% [ 13992/ 14010] Deflate
  Adding sounds/icebrk1a.ogg                       4.4% [ 13999/ 14650] Deflate
  Adding sounds/icedth1.ogg                        4.2% [ 14000/ 14619] Deflate
  Adding sounds/railgf1.ogg                        5.0% [ 11811/ 12435] Deflate
  Adding sounds/spark1.ogg                        12.1% [  4922/  5598] Deflate
  Adding sounds/spark2.ogg                        12.7% [  4669/  5351] Deflate
  Adding sounds/spark3.ogg                        12.0% [  4946/  5623] Deflate
  Adding sprites/AFLYA0.png                        7.2% [   103/   111] Deflate
  Adding sprites/AFLYB0.png                        7.4% [    88/    95] Deflate
  Adding sprites/AFLYC0.png                        7.2% [   103/   111] Deflate
  Adding sprites/AFLYD0.png                        6.3% [   105/   112] Deflate
  Adding sprites/SGRNA1.png                        1.5% [   325/   330] Deflate
  Adding sprites/SGRNA2A8.png                      0.0% [   377/   377] Stored
  Adding sprites/SGRNA3A7.png                      0.0% [   425/   425] Stored
  Adding sprites/SGRNA4A6.png                      1.2% [   324/   328] Deflate
  Adding sprites/SGRNA5.png                        3.9% [   247/   257] Deflate
  Adding sprites/amrka0.png                        5.1% [   222/   234] Deflate
  Adding sprites/dogs/DOGSA1.png                   0.0% [  1280/  1280] Stored
  Adding sprites/dogs/DOGSA2.png                   0.0% [  1553/  1553] Stored
  Adding sprites/dogs/DOGSA3.png                   0.0% [  1631/  1631] Stored
  Adding sprites/dogs/DOGSA4.png                   0.0% [  1533/  1533] Stored
  Adding sprites/dogs/DOGSA5.png                   0.0% [  1186/  1186] Stored
  Adding sprites/dogs/DOGSA6.png                   0.0% [  1516/  1516] Stored
  Adding sprites/dogs/DOGSA7.png                   0.0% [  1593/  1593] Stored
  Adding sprites/dogs/DOGSA8.png                   0.0% [  1518/  1518] Stored
  Adding sprites/dogs/DOGSB1.png                   0.0% [  1230/  1230] Stored
  Adding sprites/dogs/DOGSB2.png                   0.0% [  1520/  1520] Stored
  Adding sprites/dogs/DOGSB3.png                   0.0% [  1607/  1607] Stored
  Adding sprites/dogs/DOGSB4.png                   0.0% [  1533/  1533] Stored
  Adding sprites/dogs/DOGSB5.png                   0.7% [  1201/  1210] Deflate
  Adding sprites/dogs/DOGSB6.png                   0.0% [  1498/  1498] Stored
  Adding sprites/dogs/DOGSB7.png                   0.0% [  1592/  1592] Stored
  Adding sprites/dogs/DOGSB8.png                   0.0% [  1514/  1514] Stored
  Adding sprites/dogs/DOGSC1.png                   0.0% [  1297/  1297] Stored
  Adding sprites/dogs/DOGSC2.png                   0.0% [  1506/  1506] Stored
  Adding sprites/dogs/DOGSC3.png                   0.0% [  1571/  1571] Stored
  Adding sprites/dogs/DOGSC4.png                   0.0% [  1531/  1531] Stored
  Adding sprites/dogs/DOGSC5.png                   1.0% [  1323/  1337] Deflate
  Adding sprites/dogs/DOGSC6.png                   0.0% [  1520/  1520] Stored
  Adding sprites/dogs/DOGSC7.png                   0.0% [  1536/  1536] Stored
  Adding sprites/dogs/DOGSC8.png                   0.0% [  1489/  1489] Stored
  Adding sprites/dogs/DOGSD1.png                   0.0% [  1311/  1311] Stored
  Adding sprites/dogs/DOGSD2.png                   0.0% [  1518/  1518] Stored
  Adding sprites/dogs/DOGSD3.png                   0.0% [  1588/  1588] Stored
  Adding sprites/dogs/DOGSD4.png                   0.0% [  1525/  1525] Stored
  Adding sprites/dogs/DOGSD5.png                   1.4% [  1308/  1326] Deflate
  Adding sprites/dogs/DOGSD6.png                   0.0% [  1542/  1542] Stored
  Adding sprites/dogs/DOGSD7.png                   0.0% [  1573/  1573] Stored
  Adding sprites/dogs/DOGSD8.png                   0.0% [  1503/  1503] Stored
  Adding sprites/dogs/DOGSE1.png                   0.0% [  1362/  1362] Stored
  Adding sprites/dogs/DOGSE2.png                   0.0% [  1517/  1517] Stored
  Adding sprites/dogs/DOGSE3.png                   0.0% [  1548/  1548] Stored
  Adding sprites/dogs/DOGSE4.png                   0.0% [  1598/  1598] Stored
  Adding sprites/dogs/DOGSE5.png                   1.3% [  1419/  1438] Deflate
  Adding sprites/dogs/DOGSE6.png                   0.0% [  1550/  1550] Stored
  Adding sprites/dogs/DOGSE7.png                   0.0% [  1554/  1554] Stored
  Adding sprites/dogs/DOGSE8.png                   0.0% [  1559/  1559] Stored
  Adding sprites/dogs/DOGSF1.png                   0.0% [  1397/  1397] Stored
  Adding sprites/dogs/DOGSF2.png                   0.0% [  1571/  1571] Stored
  Adding sprites/dogs/DOGSF3.png                   0.0% [  1602/  1602] Stored
  Adding sprites/dogs/DOGSF4.png                   0.0% [  1566/  1566] Stored
  Adding sprites/dogs/DOGSF5.png                   0.3% [  1399/  1403] Deflate
  Adding sprites/dogs/DOGSF6.png                   0.0% [  1517/  1517] Stored
  Adding sprites/dogs/DOGSF7.png                   0.0% [  1596/  1596] Stored
  Adding sprites/dogs/DOGSF8.png                   0.0% [  1608/  1608] Stored
  Adding sprites/dogs/DOGSG1.png                   0.0% [  1389/  1389] Stored
  Adding sprites/dogs/DOGSG2.png                   0.0% [  1588/  1588] Stored
  Adding sprites/dogs/DOGSG3.png                   0.0% [  1644/  1644] Stored
  Adding sprites/dogs/DOGSG4.png                   0.0% [  1520/  1520] Stored
  Adding sprites/dogs/DOGSG5.png                   1.0% [  1337/  1350] Deflate
  Adding sprites/dogs/DOGSG6.png                   0.0% [  1521/  1521] Stored
  Adding sprites/dogs/DOGSG7.png                   0.0% [  1622/  1622] Stored
  Adding sprites/dogs/DOGSG8.png                   0.0% [  1570/  1570] Stored
  Adding sprites/dogs/DOGSH1.png                   0.0% [  1310/  1310] Stored
  Adding sprites/dogs/DOGSH2.png                   0.0% [  1531/  1531] Stored
  Adding sprites/dogs/DOGSH3.png                   0.0% [  1592/  1592] Stored
  Adding sprites/dogs/DOGSH4.png                   0.0% [  1483/  1483] Stored
  Adding sprites/dogs/DOGSH5.png                   0.5% [  1288/  1294] Deflate
  Adding sprites/dogs/DOGSH6.png                   0.0% [  1467/  1467] Stored
  Adding sprites/dogs/DOGSH7.png                   0.0% [  1578/  1578] Stored
  Adding sprites/dogs/DOGSH8.png                   0.0% [  1569/  1569] Stored
  Adding sprites/dogs/DOGSI0.png                   0.0% [  1690/  1690] Stored
  Adding sprites/dogs/DOGSJ0.png                   0.0% [  1782/  1782] Stored
  Adding sprites/dogs/DOGSK0.png                   0.0% [  1746/  1746] Stored
  Adding sprites/dogs/DOGSL0.png                   0.0% [  1720/  1720] Stored
  Adding sprites/dogs/DOGSM0.png                   0.0% [  1727/  1727] Stored
  Adding sprites/dogs/DOGSN0.png                   0.0% [  1739/  1739] Stored
  Adding sprites/iceca0.png                        1.1% [   267/   270] Deflate
  Adding sprites/icecb0.png                        3.1% [   222/   229] Deflate
  Adding sprites/icecc0.png                        4.6% [   185/   194] Deflate
  Adding sprites/icecd0.png                       10.4% [   112/   125] Deflate
  Adding sprites/pista0.png                        1.7% [   292/   297] Deflate
  Adding sprites/rsmka0.png                        0.0% [   992/   992] Stored
  Adding sprites/rsmkb0.png                        0.0% [  1176/  1176] Stored
  Adding sprites/rsmkc0.png                        0.0% [  1269/  1269] Stored
  Adding sprites/rsmkd0.png                        0.0% [  1103/  1103] Stored
  Adding sprites/rsmke0.png                        0.0% [  1166/  1166] Stored
  Adding sprites/spkra0.png                        0.0% [   525/   525] Stored
  Adding sprites/tlgla0.png                        6.6% [   142/   152] Deflate
  Adding sprites/tlglb0.png                        6.6% [   142/   152] Deflate
  Adding sprites/tlglc0.png                        6.6% [   142/   152] Deflate
  Adding sprites/tlgld0.png                        6.6% [   142/   152] Deflate
  Adding sprites/tlgle0.png                        6.6% [   142/   152] Deflate
  Adding sprites/tnt1a0.lmp                       15.4% [    11/    13] Deflate
  Adding sprites/unkna0.png                        4.1% [   213/   222] Deflate
  Adding textures/-noflat-.png                     5.2% [    91/    96] Deflate
  Adding xlat/base.txt                            79.9% [  4591/ 22824] Deflate
  Adding xlat/defines.i                           65.6% [  1619/  4709] Deflate
  Adding xlat/doom.txt                            62.2% [   485/  1284] Deflate
  Adding xlat/doom_base.txt                       51.5% [    97/   200] Deflate
  Adding xlat/eternity.txt                        71.7% [  2873/ 10152] Deflate
  Adding xlat/heretic.txt                         68.9% [   832/  2673] Deflate
  Adding xlat/heretic_base.txt                    15.2% [    89/   105] Deflate
  Adding xlat/strife.txt                          77.9% [  3220/ 14559] Deflate
  Adding xlat/strife_base.txt                     40.9% [   110/   186] Deflate
  Adding zscript/actors/actions.zs                69.8% [   643/  2126] Deflate
  Adding zscript/actors/actor.zs                  74.8% [ 12792/ 50713] Deflate
  Adding zscript/actors/attacks.zs                71.3% [  5880/ 20495] Deflate
  Adding zscript/actors/checks.zs                 80.8% [  1892/  9849] Deflate
  Adding zscript/actors/chex/chexammo.zs          76.2% [   368/  1547] Deflate
  Adding zscript/actors/chex/chexdecorations.zs   74.4% [   553/  2164] Deflate
  Adding zscript/actors/chex/chexitems.zs         71.6% [   399/  1405] Deflate
  Adding zscript/actors/chex/chexkeys.zs          53.1% [   164/   350] Deflate
  Adding zscript/actors/chex/chexmonsters.zs      79.7% [   394/  1938] Deflate
  Adding zscript/actors/chex/chexplayer.zs        59.9% [   452/  1128] Deflate
  Adding zscript/actors/chex/chexweapons.zs       70.8% [   730/  2498] Deflate
  Adding zscript/actors/doom/arachnotron.zs       65.1% [   725/  2080] Deflate
  Adding zscript/actors/doom/archvile.zs          63.4% [  1384/  3785] Deflate
  Adding zscript/actors/doom/bossbrain.zs         65.6% [  3366/  9779] Deflate
  Adding zscript/actors/doom/bruiser.zs           69.6% [   941/  3100] Deflate
  Adding zscript/actors/doom/cacodemon.zs         63.9% [   797/  2210] Deflate
  Adding zscript/actors/doom/cyberdemon.zs        63.0% [   593/  1601] Deflate
  Adding zscript/actors/doom/deadthings.zs        72.6% [   598/  2186] Deflate
  Adding zscript/actors/doom/demon.zs             64.8% [   686/  1950] Deflate
  Adding zscript/actors/doom/doomammo.zs          83.4% [   453/  2725] Deflate
  Adding zscript/actors/doom/doomarmor.zs         69.5% [   346/  1136] Deflate
  Adding zscript/actors/doom/doomartifacts.zs     76.3% [   891/  3760] Deflate
  Adding zscript/actors/doom/doomdecorations.zs   88.8% [  1302/ 11651] Deflate
  Adding zscript/actors/doom/doomhealth.zs        66.3% [   287/   852] Deflate
  Adding zscript/actors/doom/doomimp.zs           63.8% [   803/  2220] Deflate
  Adding zscript/actors/doom/doomkeys.zs          80.1% [   347/  1744] Deflate
  Adding zscript/actors/doom/doommisc.zs          55.3% [   883/  1977] Deflate
  Adding zscript/actors/doom/doomplayer.zs        65.9% [   710/  2084] Deflate
  Adding zscript/actors/doom/doomweapons.zs       55.1% [   622/  1386] Deflate
  Adding zscript/actors/doom/fatso.zs             66.6% [  1568/  4696] Deflate
  Adding zscript/actors/doom/keen.zs              56.2% [   690/  1574] Deflate
  Adding zscript/actors/doom/lostsoul.zs          63.6% [   854/  2344] Deflate
  Adding zscript/actors/doom/painelemental.zs     62.0% [  2116/  5568] Deflate
  Adding zscript/actors/doom/possessed.zs         76.7% [  1533/  6575] Deflate
  Adding zscript/actors/doom/revenant.zs          65.1% [  1716/  4918] Deflate
  Adding zscript/actors/doom/scriptedmarine.zs    80.2% [  3645/ 18421] Deflate
  Adding zscript/actors/doom/spidermaster.zs      58.9% [   764/  1860] Deflate
  Adding zscript/actors/doom/stealthmonsters.zs   82.4% [   349/  1979] Deflate
  Adding zscript/actors/doom/weaponbfg.zs         62.6% [  2260/  6040] Deflate
  Adding zscript/actors/doom/weaponchaingun.zs    58.5% [   771/  1859] Deflate
  Adding zscript/actors/doom/weaponchainsaw.zs    64.5% [  1307/  3685] Deflate
  Adding zscript/actors/doom/weaponfist.zs        55.5% [   733/  1649] Deflate
  Adding zscript/actors/doom/weaponpistol.zs      61.0% [   890/  2284] Deflate
  Adding zscript/actors/doom/weaponplasma.zs      67.4% [   861/  2641] Deflate
  Adding zscript/actors/doom/weaponrlaunch.zs     70.1% [  1147/  3840] Deflate
  Adding zscript/actors/doom/weaponshotgun.zs     59.1% [   677/  1656] Deflate
  Adding zscript/actors/doom/weaponssg.zs         59.6% [  1077/  2665] Deflate
  Adding zscript/actors/heretic/beast.zs          61.9% [   759/  1990] Deflate
  Adding zscript/actors/heretic/chicken.zs        71.9% [  1931/  6867] Deflate
  Adding zscript/actors/heretic/clink.zs          49.1% [   418/   821] Deflate
  Adding zscript/actors/heretic/dsparil.zs        75.7% [  2714/ 11174] Deflate
  Adding zscript/actors/heretic/hereticammo.zs    85.1% [   628/  4213] Deflate
  Adding zscript/actors/heretic/hereticarmor.zs   62.3% [   253/   671] Deflate
  Adding zscript/actors/heretic/hereticartifacts.zs 64.3% [  1013/  2840] Deflate
  Adding zscript/actors/heretic/hereticdecorations.zs 83.7% [   458/  2807] Deflate
  Adding zscript/actors/heretic/hereticimp.zs     72.3% [  1205/  4343] Deflate
  Adding zscript/actors/heretic/heretickeys.zs    80.9% [   445/  2327] Deflate
  Adding zscript/actors/heretic/hereticmisc.zs    74.1% [  2001/  7733] Deflate
  Adding zscript/actors/heretic/hereticplayer.zs  64.7% [   987/  2795] Deflate
  Adding zscript/actors/heretic/ironlich.zs       70.9% [  1960/  6739] Deflate
  Adding zscript/actors/heretic/knight.zs         66.5% [  1103/  3293] Deflate
  Adding zscript/actors/heretic/mummy.zs          68.2% [   856/  2689] Deflate
  Adding zscript/actors/heretic/snake.zs          62.4% [   642/  1709] Deflate
  Adding zscript/actors/heretic/weaponblaster.zs  69.8% [  1405/  4646] Deflate
  Adding zscript/actors/heretic/weaponcrossbow.zs 74.5% [   932/  3651] Deflate
  Adding zscript/actors/heretic/weapongauntlets.zs 67.9% [  1290/  4024] Deflate
  Adding zscript/actors/heretic/weaponmace.zs     73.8% [  2505/  9545] Deflate
  Adding zscript/actors/heretic/weaponphoenix.zs  73.0% [  1868/  6928] Deflate
  Adding zscript/actors/heretic/weaponskullrod.zs 70.8% [  2644/  9041] Deflate
  Adding zscript/actors/heretic/weaponstaff.zs    64.8% [   911/  2591] Deflate
  Adding zscript/actors/heretic/weaponwand.zs     72.0% [  1095/  3909] Deflate
  Adding zscript/actors/heretic/wizard.zs         70.0% [   976/  3248] Deflate
  Adding zscript/actors/hexen/baseweapons.zs      63.0% [   640/  1730] Deflate
  Adding zscript/actors/hexen/bats.zs             59.8% [   969/  2408] Deflate
  Adding zscript/actors/hexen/bishop.zs           74.5% [  1666/  6542] Deflate
  Adding zscript/actors/hexen/blastradius.zs      60.6% [  1708/  4336] Deflate
  Adding zscript/actors/hexen/boostarmor.zs       55.0% [   562/  1248] Deflate
  Adding zscript/actors/hexen/centaur.zs          67.9% [  1322/  4118] Deflate
  Adding zscript/actors/hexen/clericboss.zs       62.4% [   703/  1868] Deflate
  Adding zscript/actors/hexen/clericflame.zs      75.3% [  1586/  6424] Deflate
  Adding zscript/actors/hexen/clericholy.zs       74.0% [  3564/ 13715] Deflate
  Adding zscript/actors/hexen/clericmace.zs       62.4% [   747/  1987] Deflate
  Adding zscript/actors/hexen/clericplayer.zs     62.9% [   883/  2382] Deflate
  Adding zscript/actors/hexen/clericstaff.zs      69.8% [  1623/  5375] Deflate
  Adding zscript/actors/hexen/demons.zs           79.2% [  1395/  6718] Deflate
  Adding zscript/actors/hexen/dragon.zs           72.8% [  2221/  8151] Deflate
  Adding zscript/actors/hexen/ettin.zs            61.5% [   729/  1893] Deflate
  Adding zscript/actors/hexen/fighteraxe.zs       76.3% [  1632/  6873] Deflate
  Adding zscript/actors/hexen/fighterboss.zs      66.7% [   674/  2023] Deflate
  Adding zscript/actors/hexen/fighterfist.zs      62.9% [  1266/  3409] Deflate
  Adding zscript/actors/hexen/fighterhammer.zs    65.3% [  1434/  4130] Deflate
  Adding zscript/actors/hexen/fighterplayer.zs    63.7% [  1019/  2807] Deflate
  Adding zscript/actors/hexen/fighterquietus.zs   72.2% [  1345/  4834] Deflate
  Adding zscript/actors/hexen/firedemon.zs        75.7% [  2094/  8618] Deflate
  Adding zscript/actors/hexen/flame.zs            76.4% [   499/  2112] Deflate
  Adding zscript/actors/hexen/flechette.zs        73.9% [  3437/ 13150] Deflate
  Adding zscript/actors/hexen/flies.zs            57.6% [  1315/  3101] Deflate
  Adding zscript/actors/hexen/fog.zs              68.1% [   988/  3101] Deflate
  Adding zscript/actors/hexen/healingradius.zs    53.5% [   901/  1937] Deflate
  Adding zscript/actors/hexen/heresiarch.zs       77.4% [  5611/ 24848] Deflate
  Adding zscript/actors/hexen/hexenarmor.zs       75.7% [   289/  1187] Deflate
  Adding zscript/actors/hexen/hexendecorations.zs 90.6% [  1489/ 15852] Deflate
  Adding zscript/actors/hexen/hexenkeys.zs        82.5% [   354/  2028] Deflate
  Adding zscript/actors/hexen/hexenspecialdecs.zs 79.9% [  3419/ 17023] Deflate
  Adding zscript/actors/hexen/iceguy.zs           74.0% [  1332/  5115] Deflate
  Adding zscript/actors/hexen/korax.zs            72.5% [  3271/ 11903] Deflate
  Adding zscript/actors/hexen/mageboss.zs         66.0% [   787/  2315] Deflate
  Adding zscript/actors/hexen/magecone.zs         69.2% [  1551/  5042] Deflate
  Adding zscript/actors/hexen/magelightning.zs    74.3% [  2300/  8951] Deflate
  Adding zscript/actors/hexen/mageplayer.zs       62.7% [   908/  2437] Deflate
  Adding zscript/actors/hexen/magestaff.zs        72.1% [  1691/  6065] Deflate
  Adding zscript/actors/hexen/magewand.zs         60.2% [   547/  1374] Deflate
  Adding zscript/actors/hexen/mana.zs             72.8% [   503/  1851] Deflate
  Adding zscript/actors/hexen/pig.zs              67.4% [  1322/  4057] Deflate
  Adding zscript/actors/hexen/puzzleitems.zs      85.9% [   783/  5563] Deflate
  Adding zscript/actors/hexen/scriptprojectiles.zs 77.2% [   466/  2046] Deflate
  Adding zscript/actors/hexen/serpent.zs          76.2% [  2515/ 10546] Deflate
  Adding zscript/actors/hexen/speedboots.zs       35.5% [   209/   324] Deflate
  Adding zscript/actors/hexen/spike.zs            69.7% [  1396/  4601] Deflate
  Adding zscript/actors/hexen/summon.zs           62.3% [  1002/  2658] Deflate
  Adding zscript/actors/hexen/teleportother.zs    71.8% [  1340/  4754] Deflate
  Adding zscript/actors/hexen/wraith.zs           75.5% [  2075/  8473] Deflate
  Adding zscript/actors/interaction.zs            55.9% [   884/  2004] Deflate
  Adding zscript/actors/inventory/ammo.zs         70.6% [  3398/ 11565] Deflate
  Adding zscript/actors/inventory/armor.zs        75.3% [  4170/ 16872] Deflate
  Adding zscript/actors/inventory/health.zs       68.2% [  1729/  5443] Deflate
  Adding zscript/actors/inventory/inv_misc.zs     67.8% [  1003/  3112] Deflate
  Adding zscript/actors/inventory/inventory.zs    76.0% [  8151/ 33941] Deflate
  Adding zscript/actors/inventory/powerups.zs     80.7% [  8866/ 45896] Deflate
  Adding zscript/actors/inventory/stateprovider.zs 73.9% [  3793/ 14534] Deflate
  Adding zscript/actors/inventory/weaponpiece.zs  67.0% [  2051/  6212] Deflate
  Adding zscript/actors/inventory/weapons.zs      74.5% [  7971/ 31313] Deflate
  Adding zscript/actors/inventory_util.zs         76.4% [  4642/ 19690] Deflate
  Adding zscript/actors/morph.zs                  67.8% [  1582/  4914] Deflate
  Adding zscript/actors/player/player.zs          74.1% [ 19050/ 73645] Deflate
  Adding zscript/actors/player/player_cheat.zs    71.2% [  3227/ 11223] Deflate
  Adding zscript/actors/player/player_inventory.zs 72.8% [  2396/  8809] Deflate
  Adding zscript/actors/player/player_morph.zs    72.9% [  4363/ 16117] Deflate
  Adding zscript/actors/raven/artiegg.zs          71.5% [   594/  2087] Deflate
  Adding zscript/actors/raven/artitele.zs         50.3% [   637/  1282] Deflate
  Adding zscript/actors/raven/minotaur.zs         74.6% [  4350/ 17147] Deflate
  Adding zscript/actors/raven/ravenambient.zs     65.0% [   206/   588] Deflate
  Adding zscript/actors/raven/ravenartifacts.zs   78.2% [   594/  2730] Deflate
  Adding zscript/actors/raven/ravenhealth.zs      19.3% [   151/   187] Deflate
  Adding zscript/actors/shared/blood.zs           69.0% [   299/   964] Deflate
  Adding zscript/actors/shared/botstuff.zs        39.4% [   183/   302] Deflate
  Adding zscript/actors/shared/bridge.zs          64.7% [  1923/  5454] Deflate
  Adding zscript/actors/shared/camera.zs          59.5% [   968/  2392] Deflate
  Adding zscript/actors/shared/debris.zs          80.9% [   736/  3856] Deflate
  Adding zscript/actors/shared/decal.zs           29.9% [   103/   147] Deflate
  Adding zscript/actors/shared/dog.zs             50.3% [   355/   715] Deflate
  Adding zscript/actors/shared/dynlights.zs       81.0% [  1317/  6924] Deflate
  Adding zscript/actors/shared/fastprojectile.zs  62.0% [  1665/  4387] Deflate
  Adding zscript/actors/shared/fountain.zs        69.8% [   402/  1329] Deflate
  Adding zscript/actors/shared/hatetarget.zs      48.1% [   363/   700] Deflate
  Adding zscript/actors/shared/ice.zs             64.5% [  1567/  4417] Deflate
  Adding zscript/actors/shared/itemeffects.zs     61.9% [   213/   559] Deflate
  Adding zscript/actors/shared/mapmarker.zs       55.1% [   451/  1005] Deflate
  Adding zscript/actors/shared/movingcamera.zs    69.6% [  4211/ 13846] Deflate
  Adding zscript/actors/shared/randomspawner.zs   62.8% [  2673/  7192] Deflate
  Adding zscript/actors/shared/secrettrigger.zs   37.1% [   227/   361] Deflate
  Adding zscript/actors/shared/sectoraction.zs    79.0% [  1433/  6830] Deflate
  Adding zscript/actors/shared/setcolor.zs        60.4% [   212/   535] Deflate
  Adding zscript/actors/shared/sharedmisc.zs      68.1% [  1225/  3838] Deflate
  Adding zscript/actors/shared/skies.zs           60.5% [  1873/  4747] Deflate
  Adding zscript/actors/shared/soundenvironment.zs 43.9% [   392/   699] Deflate
  Adding zscript/actors/shared/soundsequence.zs   70.3% [  2066/  6949] Deflate
  Adding zscript/actors/shared/spark.zs           27.5% [   222/   306] Deflate
  Adding zscript/actors/shared/specialspot.zs     63.6% [   848/  2329] Deflate
  Adding zscript/actors/shared/splashes.zs        79.8% [   665/  3289] Deflate
  Adding zscript/actors/shared/teleport.zs        55.6% [   395/   890] Deflate
  Adding zscript/actors/shared/waterzone.zs       26.6% [   182/   248] Deflate
  Adding zscript/actors/strife/acolyte.zs         72.4% [  1608/  5833] Deflate
  Adding zscript/actors/strife/alienspectres.zs   71.3% [  1907/  6653] Deflate
  Adding zscript/actors/strife/beggars.zs         58.4% [   555/  1333] Deflate
  Adding zscript/actors/strife/coin.zs            71.1% [  1042/  3606] Deflate
  Adding zscript/actors/strife/crusader.zs        67.9% [  1245/  3880] Deflate
  Adding zscript/actors/strife/entityboss.zs      71.0% [  1697/  5842] Deflate
  Adding zscript/actors/strife/inquisitor.zs      67.1% [  1537/  4674] Deflate
  Adding zscript/actors/strife/klaxon.zs          58.0% [   845/  2014] Deflate
  Adding zscript/actors/strife/loremaster.zs      61.4% [  1046/  2711] Deflate
  Adding zscript/actors/strife/macil.zs           56.4% [   714/  1636] Deflate
  Adding zscript/actors/strife/merchants.zs       63.1% [   647/  1754] Deflate
  Adding zscript/actors/strife/oracle.zs          50.4% [   458/   924] Deflate
  Adding zscript/actors/strife/peasants.zs        75.7% [   692/  2842] Deflate
  Adding zscript/actors/strife/programmer.zs      69.0% [  1550/  5007] Deflate
  Adding zscript/actors/strife/questitems.zs      72.7% [   719/  2638] Deflate
  Adding zscript/actors/strife/ratbuddy.zs        39.7% [   321/   532] Deflate
  Adding zscript/actors/strife/reaver.zs          53.0% [   778/  1657] Deflate
  Adding zscript/actors/strife/rebels.zs          63.7% [  1521/  4188] Deflate
  Adding zscript/actors/strife/sentinel.zs        59.1% [  1255/  3072] Deflate
  Adding zscript/actors/strife/sigil.zs           77.9% [  2713/ 12266] Deflate
  Adding zscript/actors/strife/spectral.zs        77.4% [  1765/  7821] Deflate
  Adding zscript/actors/strife/stalker.zs         60.9% [   884/  2260] Deflate
  Adding zscript/actors/strife/strifeammo.zs      82.5% [   712/  4069] Deflate
  Adding zscript/actors/strife/strifearmor.zs     62.2% [   290/   767] Deflate
  Adding zscript/actors/strife/strifebishop.zs    59.7% [   804/  1994] Deflate
  Adding zscript/actors/strife/strifefunctions.zs 73.2% [  1264/  4723] Deflate
  Adding zscript/actors/strife/strifehumanoid.zs  71.7% [   493/  1739] Deflate
  Adding zscript/actors/strife/strifeitems.zs     79.3% [  3103/ 15022] Deflate
  Adding zscript/actors/strife/strifekeys.zs      86.4% [  1115/  8224] Deflate
  Adding zscript/actors/strife/strifeplayer.zs    67.3% [  1366/  4178] Deflate
  Adding zscript/actors/strife/strifestuff.zs     84.3% [  4299/ 27353] Deflate
  Adding zscript/actors/strife/strifeweapons.zs   47.6% [   354/   676] Deflate
  Adding zscript/actors/strife/svelights.zs       76.3% [   399/  1680] Deflate
  Adding zscript/actors/strife/svestuff.zs        66.5% [   995/  2970] Deflate
  Adding zscript/actors/strife/templar.zs         52.9% [   759/  1613] Deflate
  Adding zscript/actors/strife/thingstoblowup.zs  66.2% [  1542/  4566] Deflate
  Adding zscript/actors/strife/weaponassault.zs   59.1% [   725/  1774] Deflate
  Adding zscript/actors/strife/weaponcrossbow.zs  70.5% [  1203/  4084] Deflate
  Adding zscript/actors/strife/weapondagger.zs    56.9% [   670/  1555] Deflate
  Adding zscript/actors/strife/weaponflamer.zs    62.2% [   820/  2172] Deflate
  Adding zscript/actors/strife/weapongrenade.zs   66.1% [  2412/  7115] Deflate
  Adding zscript/actors/strife/weaponmauler.zs    68.9% [  1798/  5782] Deflate
  Adding zscript/actors/strife/weaponmissile.zs   63.0% [   920/  2486] Deflate
  Adding zscript/actors/strife/zombie.zs          53.8% [   479/  1037] Deflate
  Adding zscript/base.zs                          69.9% [ 10333/ 34342] Deflate
  Adding zscript/compatibility.zs                 73.1% [  1124/  4177] Deflate
  Adding zscript/constants.zs                     65.3% [ 12323/ 35506] Deflate
  Adding zscript/destructible.zs                  64.2% [   491/  1372] Deflate
  Adding zscript/dynarrays.zs                     88.0% [   541/  4520] Deflate
  Adding zscript/events.zs                        75.6% [  3002/ 12314] Deflate
  Adding zscript/level_compatibility.zs           75.1% [ 12045/ 48397] Deflate
  Adding zscript/mapdata.zs                       69.6% [  5454/ 17964] Deflate
  Adding zscript/scriptutil/scriptutil.zs         78.9% [  1385/  6556] Deflate
  Adding zscript/sounddata.zs                     49.0% [   229/   449] Deflate
  Adding zscript/ui/menu/colorpickermenu.zs       69.8% [  3120/ 10332] Deflate
  Adding zscript/ui/menu/conversationmenu.zs      70.1% [  4514/ 15090] Deflate
  Adding zscript/ui/menu/joystickmenu.zs          75.3% [  2101/  8504] Deflate
  Adding zscript/ui/menu/listmenu.zs              76.4% [  1660/  7043] Deflate
  Adding zscript/ui/menu/listmenuitems.zs         73.6% [  2371/  8966] Deflate
  Adding zscript/ui/menu/loadsavemenu.zs          77.1% [  4166/ 18213] Deflate
  Adding zscript/ui/menu/menu.zs                  72.2% [  2473/  8888] Deflate
  Adding zscript/ui/menu/menuitembase.zs          63.5% [   644/  1765] Deflate
  Adding zscript/ui/menu/messagebox.zs            69.1% [  2440/  7894] Deflate
  Adding zscript/ui/menu/optionmenu.zs            74.9% [  3729/ 14839] Deflate
  Adding zscript/ui/menu/optionmenuitems.zs       78.1% [  7116/ 32427] Deflate
  Adding zscript/ui/menu/playercontrols.zs        79.6% [  3071/ 15025] Deflate
  Adding zscript/ui/menu/playerdisplay.zs         68.5% [  2639/  8368] Deflate
  Adding zscript/ui/menu/playermenu.zs            76.8% [  3438/ 14848] Deflate
  Adding zscript/ui/menu/readthis.zs              61.4% [  1483/  3840] Deflate
  Adding zscript/ui/menu/reverbedit.zs            78.6% [  1315/  6155] Deflate
  Adding zscript/ui/menu/search/anyoralloption.zs 57.9% [   333/   791] Deflate
  Adding zscript/ui/menu/search/menu.zs           74.6% [  1481/  5824] Deflate
  Adding zscript/ui/menu/search/query.zs          66.2% [   563/  1664] Deflate
  Adding zscript/ui/menu/search/searchfield.zs    59.9% [   458/  1143] Deflate
  Adding zscript/ui/menu/textentermenu.zs         71.3% [  3247/ 11306] Deflate
  Adding zscript/ui/statscreen/statscreen.zs      74.8% [  5127/ 20333] Deflate
  Adding zscript/ui/statscreen/statscreen_coop.zs 75.5% [  2155/  8800] Deflate
  Adding zscript/ui/statscreen/statscreen_dm.zs   70.2% [  1983/  6660] Deflate
  Adding zscript/ui/statscreen/statscreen_sp.zs   75.6% [  1725/  7075] Deflate
  Adding zscript/ui/statscreen/types.zs           60.3% [   453/  1140] Deflate
  Adding zscript/ui/statusbar/alt_hud.zs          73.0% [  7752/ 28701] Deflate
  Adding zscript/ui/statusbar/doom_sbar.zs        71.8% [  1889/  6697] Deflate
  Adding zscript/ui/statusbar/harm_sbar.zs        61.0% [  1210/  3103] Deflate
  Adding zscript/ui/statusbar/heretic_sbar.zs     69.6% [  2056/  6754] Deflate
  Adding zscript/ui/statusbar/hexen_sbar.zs       73.6% [  2470/  9357] Deflate
  Adding zscript/ui/statusbar/sbarinfowrapper.zs  63.6% [   516/  1417] Deflate
  Adding zscript/ui/statusbar/statusbar.zs        74.6% [ 10439/ 41065] Deflate
  Adding zscript/ui/statusbar/strife_sbar.zs      70.5% [  4434/ 15046] Deflate
  Adding zscript/zscript_license.txt              50.7% [   493/  1001] Deflate
  Adding althudcf.txt                             10.0% [    63/    70] Deflate
  Adding animdefs.txt                             81.8% [  2185/ 11974] Deflate
  Adding botsupp.txt                              64.1% [   597/  1661] Deflate
  Adding compatibility.txt                        51.0% [  5342/ 10910] Deflate
  Adding decaldef.txt                             84.2% [  2971/ 18828] Deflate
  Adding defbinds.txt                             54.1% [   840/  1831] Deflate
  Adding dehsupp.txt                              70.9% [  8047/ 27637] Deflate
  Adding etc.h.txt                                51.5% [   238/   491] Deflate
  Adding fontdefs.txt                             59.3% [   564/  1385] Deflate
  Adding in_epi1.txt                              67.9% [   273/   850] Deflate
  Adding in_epi2.txt                              66.1% [   348/  1026] Deflate
  Adding in_epi3.txt                              61.2% [   233/   601] Deflate
  Adding in_htc1.txt                              29.8% [   144/   205] Deflate
  Adding in_htc2.txt                              29.3% [   147/   208] Deflate
  Adding in_htc3.txt                              29.3% [   145/   205] Deflate
  Adding indexfont                                58.9% [   127/   309] Deflate
  Adding iwadinfo.txt                             81.1% [  2217/ 11706] Deflate
  Adding language.csv                             66.3% [145901/432383] Deflate
  Adding language.def                             74.2% [  1620/  6287] Deflate
  Adding lmacros.csv                              51.2% [   210/   430] Deflate
  Adding lockdefs.txt                             83.2% [  1553/  9226] Deflate
  Adding menudef.txt                              77.6% [ 17552/ 78514] Deflate
  Adding netnotch.dat                             18.8% [    26/    32] Deflate
  Adding newconsolefont.hex                       75.1% [949938/3818692] Deflate
  Adding notch.dat                                40.8% [   109/   184] Deflate
  Adding reverbs.txt                              88.7% [  3689/ 32586] Deflate
  Adding sbarinfo.txt                             55.3% [   220/   492] Deflate
  Adding sndinfo.txt                              63.1% [   802/  2175] Deflate
  Adding sndseq.txt                               81.6% [  1007/  5459] Deflate
  Adding spaldoom.lmp                             20.2% [   613/   768] Deflate
  Adding spalhtic.lmp                              0.0% [   768/   768] Stored
  Adding strifehelp.acs                           76.3% [  1850/  7802] Deflate
  Adding teaminfo.txt                             69.7% [   165/   544] Deflate
  Adding terrain.txt                              76.0% [   797/  3322] Deflate
  Adding textcolors.txt                           68.5% [  1111/  3524] Deflate
  Adding textures.txt                             81.7% [   292/  1594] Deflate
  Adding things.h.txt                             70.1% [  1506/  5029] Deflate
  Adding vga-rom-font.16                          67.1% [  1349/  4096] Deflate
  Adding x11r6rgb.txt                             72.6% [  4967/ 18135] Deflate
  Adding xg.wopn                                  87.4% [  7814/ 62080] Deflate
  Adding xhairs.txt                               24.1% [    60/    79] Deflate
  Adding zscript.txt                              86.1% [  1681/ 12066] Deflate
  D:/gzdoom custom/Solution/gzdoom.pk3 contains 622 files (updated 622)
  Building Custom Rule D:/gzdoom custom/wadsrc/CMakeLists.txt
  CMake does not need to re-run because D:/gzdoom custom/Solution/wadsrc/CMakeFiles/generate.stamp is up-to-date.
