  Generating sc_man_scanner.h
  Generating xlat_parser.c, xlat_parser.h
  Generating zcc-parse.c, zcc-parse.h
  Building Custom Rule D:/gzdoom custom/src/CMakeLists.txt
  CMake does not need to re-run because D:/gzdoom custom/Solution/src/CMakeFiles/generate.stamp is up-to-date.
  g_pch.cpp
  __autostart.cpp
  music_win_mididevice.cpp
  hardware.cpp
  helperthread.cpp
  i_cd.cpp
  i_crash.cpp
  i_input.cpp
  i_keyboard.cpp
  i_mouse.cpp
  i_dijoy.cpp
  i_rawps2.cpp
  i_xinput.cpp
  i_main.cpp
  i_system.cpp
  i_specialpaths.cpp
  st_start.cpp
  gl_sysfb.cpp
  base_sysfb.cpp
  win32basevideo.cpp
  win32glvideo.cpp
  hq2x_asm.cpp
  hq3x_asm.cpp
  hq4x_asm.cpp
  hqnx_asm_Image.cpp
  x86.cpp
  zstring.cpp
  fastsin.cpp
  zzautozend.cpp
  r_all.cpp
  r_swscene.cpp
  poly_all.cpp
  opl_mus_player.cpp
  mpg123_decoder.cpp
  music_midi_base.cpp
  oalsound.cpp
  sndfile_decoder.cpp
  fft4g.cpp
  init.cpp
  hq2x.cpp
  hq3x.cpp
  hq4x.cpp
  xbrz.cpp
  xbrz_old.cpp
  hw_postprocess_cvars.cpp
  hw_postprocessshader.cpp
  hw_dynlightdata.cpp
  hw_bsp.cpp
  hw_fakeflat.cpp
  hw_decal.cpp
  hw_drawinfo.cpp
  hw_drawlist.cpp
  hw_clipper.cpp
  hw_flats.cpp
  hw_portal.cpp
  hw_renderhacks.cpp
  hw_sky.cpp
  hw_skyportal.cpp
  hw_sprites.cpp
  hw_spritelight.cpp
  hw_walls.cpp
  hw_walls_vertex.cpp
  hw_weapon.cpp
  models.cpp
  matrix.cpp
  adldata.cpp
  adlmidi.cpp
  adlmidi_load.cpp
  adlmidi_midiplay.cpp
  adlmidi_opl3.cpp
  adlmidi_private.cpp
  dbopl.cpp
  dosbox_opl3.cpp
  nuked_opl3.cpp
  nuked_opl3_v174.cpp
  gens_opn2.cpp
  Ym2612_Emu.cpp
  mame_opn2.cpp
  nuked_opn2.cpp
  opnmidi.cpp
  opnmidi_load.cpp
  opnmidi_midiplay.cpp
  opnmidi_opn2.cpp
  opnmidi_private.cpp
  reverb.cpp
  gl_load.c
  nukedopl3_174.c
  wopl_file.c
  mame_ym2612fm.c
  ym3438.c
  wopn_file.c
  nukedopl3.c
  am_map.cpp
  b_bot.cpp
  b_func.cpp
  b_game.cpp
  b_move.cpp
  b_think.cpp
  bbannouncer.cpp
  c_bind.cpp
  c_cmds.cpp
  c_console.cpp
  c_consolebuffer.cpp
  c_cvars.cpp
  c_dispatch.cpp
  c_expr.cpp
  c_functions.cpp
  ct_chat.cpp
  d_iwad.cpp
  d_main.cpp
  d_anonstats.cpp
  d_net.cpp
  d_netinfo.cpp
  d_protocol.cpp
  dobject.cpp
  dobjgc.cpp
  dobjtype.cpp
  doomstat.cpp
  g_cvars.cpp
  g_dumpinfo.cpp
  g_game.cpp
  g_hub.cpp
  g_level.cpp
  gameconfigfile.cpp
  gitinfo.cpp
  hu_scores.cpp
  i_net.cpp
  m_cheat.cpp
  m_joy.cpp
  m_misc.cpp
  p_acs.cpp
  p_actionfunctions.cpp
  p_conversation.cpp
  p_destructible.cpp
  p_effect.cpp
  p_enemy.cpp
  p_interaction.cpp
  p_lnspec.cpp
  p_map.cpp
  p_maputl.cpp
  p_mobj.cpp
  p_openmap.cpp
  p_pspr.cpp
  p_saveg.cpp
  p_setup.cpp
  p_spec.cpp
  p_states.cpp
  p_things.cpp
  p_tick.cpp
  p_user.cpp
  r_utility.cpp
  r_sky.cpp
  r_videoscale.cpp
  s_advsound.cpp
  s_environment.cpp
  s_sndseq.cpp
  s_sound.cpp
  serializer.cpp
  scriptutil.cpp
  st_stuff.cpp
  v_framebuffer.cpp
  v_palette.cpp
  v_video.cpp
  wi_stuff.cpp
  a_keys.cpp
  a_weapons.cpp
  decallib.cpp
  g_mapinfo.cpp
  g_skill.cpp
  gi.cpp
  stringtable.cpp
  umapinfo.cpp
  w_wad.cpp
  d_dehacked.cpp
  g_doomedmap.cpp
  info.cpp
  keysections.cpp
  p_terrain.cpp
  statistics.cpp
  teaminfo.cpp
  a_pickups.cpp
  a_action.cpp
  a_decals.cpp
  a_decalfx.cpp
  a_doors.cpp
  a_dynlight.cpp
  a_flashfader.cpp
  a_lightning.cpp
  a_morph.cpp
  a_quake.cpp
  a_specialspot.cpp
  a_ceiling.cpp
  a_floor.cpp
  a_lights.cpp
  a_lighttransfer.cpp
  a_pillar.cpp
  a_plats.cpp
  a_pusher.cpp
  a_scroll.cpp
  dsectoreffect.cpp
  p_secnodes.cpp
  p_sectors.cpp
  p_sight.cpp
  p_switch.cpp
  p_tags.cpp
  p_teleport.cpp
  actorptrselect.cpp
  dthinker.cpp
  p_3dfloors.cpp
  p_3dmidtex.cpp
  p_linkedsectors.cpp
  p_trace.cpp
  po_man.cpp
  portal.cpp
  hudmessages.cpp
  shared_hud.cpp
  sbarinfo.cpp
  sbar_mugshot.cpp
  shared_sbar.cpp
  f_wipe.cpp
  v_2ddrawer.cpp
  v_drawtext.cpp
  v_blend.cpp
  v_draw.cpp
  gl_renderer.cpp
  gl_renderstate.cpp
  gl_renderbuffers.cpp
  gl_postprocess.cpp
  gl_postprocessstate.cpp
  gl_stereo3d.cpp
  gl_scene.cpp
  gl_shader.cpp
  gl_shaderprogram.cpp
  gl_postprocessshader.cpp
  gl_interface.cpp
  gl_framebuffer.cpp
  gl_debug.cpp
  gl_buffers.cpp
  gl_hwtexture.cpp
  gl_samplers.cpp
  hw_vertexbuilder.cpp
  flatvertices.cpp
  hw_viewpointbuffer.cpp
  hw_aabbtree.cpp
  hw_shadowmap.cpp
  hw_lightbuffer.cpp
  hw_models.cpp
  hw_skydome.cpp
  hw_drawlistadd.cpp
  hw_renderstate.cpp
  hw_postprocess.cpp
  hw_shadowmapshader.cpp
  hw_presentshader.cpp
  hw_present3dRowshader.cpp
  hw_material.cpp
  hw_precache.cpp
  hw_clock.cpp
  hw_cvars.cpp
  hw_draw2d.cpp
  hw_lighting.cpp
  hw_shaderpatcher.cpp
  hw_vrmodes.cpp
  edata.cpp
  specials.cpp
  maploader.cpp
  slopes.cpp
  glnodes.cpp
  udmf.cpp
  usdf.cpp
  strifedialogue.cpp
  polyobjects.cpp
  renderinfo.cpp
  compatibility.cpp
  joystickmenu.cpp
  loadsavemenu.cpp
  menu.cpp
  menudef.cpp
  messagebox.cpp
  optionmenu.cpp
  playermenu.cpp
  resolutionmenu.cpp
  ancientzip.cpp
  file_7z.cpp
  file_grp.cpp
  file_lump.cpp
  file_rff.cpp
  file_wad.cpp
  file_zip.cpp
  file_pak.cpp
  file_directory.cpp
  resourcefile.cpp
  animations.cpp
  anim_switches.cpp
  bitmap.cpp
  texture.cpp
  image.cpp
  imagetexture.cpp
  texturemanager.cpp
  multipatchtexturebuilder.cpp
  skyboxtexture.cpp
  automaptexture.cpp
  brightmaptexture.cpp
  buildtexture.cpp
  canvastexture.cpp
  ddstexture.cpp
  flattexture.cpp
  fontchars.cpp
  imgztexture.cpp
  jpegtexture.cpp
  md5check.cpp
  multipatchtexture.cpp
  patchtexture.cpp
  pcxtexture.cpp
  pngtexture.cpp
  rawpagetexture.cpp
  emptytexture.cpp
  shadertexture.cpp
  tgatexture.cpp
  hqresize.cpp
  hirestex.cpp
  singlelumpfont.cpp
  singlepicfont.cpp
  specialfont.cpp
  font.cpp
  hexfont.cpp
  v_font.cpp
  v_text.cpp
  p_xlat.cpp
  parse_xlat.cpp
  parsecontext.cpp
  t_func.cpp
  t_load.cpp
  t_oper.cpp
  t_parse.cpp
  t_prepro.cpp
  t_script.cpp
  t_spec.cpp
  t_variable.cpp
  t_cmd.cpp
  intermission.cpp
  intermission_parse.cpp
  colormaps.cpp
  cycler.cpp
  gldefs.cpp
  a_dynlightdata.cpp
  r_translate.cpp
  sprites.cpp
  portalgroups.cpp
  voxels.cpp
  renderstyle.cpp
  r_canvastexture.cpp
  r_interpolate.cpp
  r_vanillatrans.cpp
  r_sections.cpp
  models_md3.cpp
  models_md2.cpp
  models_voxel.cpp
  models_ue1.cpp
  models_obj.cpp
  symbols.cpp
  vmiterators.cpp
  vmthunks.cpp
  vmthunks_actors.cpp
  types.cpp
  thingdef.cpp
  thingdef_data.cpp
  thingdef_properties.cpp
  codegen.cpp
  scopebarrier.cpp
  dynarrays.cpp
  vmbuilder.cpp
  vmdisasm.cpp
  olddecorations.cpp
  thingdef_exp.cpp
  thingdef_parse.cpp
  thingdef_states.cpp
  vmexec.cpp
  vmframe.cpp
  ast.cpp
  zcc_compile.cpp
  zcc_parser.cpp
  SFMT.cpp
  i_music.cpp
  i_sound.cpp
  i_soundfont.cpp
  music_adlmidi_mididevice.cpp
  music_opldumper_mididevice.cpp
  music_opl_mididevice.cpp
  music_opnmidi_mididevice.cpp
  music_timiditypp_mididevice.cpp
  music_fluidsynth_mididevice.cpp
  music_softsynth_mididevice.cpp
  music_timidity_mididevice.cpp
  music_wildmidi_mididevice.cpp
  music_wavewriter_mididevice.cpp
  midisource.cpp
  midisource_mus.cpp
  midisource_smf.cpp
  midisource_hmi.cpp
  midisource_xmi.cpp
  music_cd.cpp
  music_dumb.cpp
  music_gme.cpp
  music_libsndfile.cpp
  music_midistream.cpp
  music_opl.cpp
  music_stream.cpp
  fmopl.cpp
  musicblock.cpp
  oplio.cpp
  opl.cpp
  OPL3.cpp
  instrum_dls.cpp
  instrum_font.cpp
  instrum_sf2.cpp
  timidity.cpp
  effect.cpp
  filter.cpp
  freq.cpp
  mblock.cpp
  quantity.cpp
  readmidic.cpp
  recache.cpp
  sbkconv.cpp
  sffile.cpp
  sfitem.cpp
  smplfile.cpp
  sndfont.cpp
  tables.cpp
  file_io.cpp
  gus_pat.cpp
  wildmidi_lib.cpp
  wm_error.cpp
  r_swtexture.cpp
  warptexture.cpp
  swcanvastexture.cpp
  events.cpp
  files.cpp
  files_decompress.cpp
  m_png.cpp
  m_random.cpp
  memarena.cpp
  md5.cpp
  nodebuild.cpp
  nodebuild_classify_nosse2.cpp
  nodebuild_events.cpp
  nodebuild_extract.cpp
  nodebuild_gl.cpp
  nodebuild_utility.cpp
  sc_man.cpp
  stats.cpp
  cmdlib.cpp
  colormatcher.cpp
  i_module.cpp
  i_time.cpp
  m_alloc.cpp
  m_argv.cpp
  m_bbox.cpp
  name.cpp
  s_playlist.cpp
  v_collection.cpp
  utf8.cpp
  zstrformat.cpp
  jit.cpp
  jit_runtime.cpp
  jit_call.cpp
  jit_flow.cpp
  jit_load.cpp
  jit_math.cpp
  jit_move.cpp
  jit_store.cpp
  nukedopl3.cpp
  common.cpp
  instrum.cpp
  mix.cpp
  playmidi.cpp
  resample.cpp
  common.cpp
  configfile.cpp
  instrum.cpp
  mix.cpp
  playmidi.cpp
  resample.cpp
  reverb.cpp
  configfile.cpp
  strnatcmp.c
  asin.c
  atan.c
  const.c
  cosh.c
  exp.c
  isnan.c
  log.c
  log10.c
  mtherr.c
  polevl.c
  pow.c
  powi.c
  sin.c
  sinh.c
  sqrt.c
  tan.c
  tanh.c
     Creating library D:/gzdoom custom/Solution/src/Debug/gzdoom.lib and object D:/gzdoom custom/Solution/src/Debug/gzdoom.exp
  zdoom.vcxproj -> D:\gzdoom custom\Solution\Debug\gzdoom.exe
  Microsoft (R) Manifest Tool
  
  Copyright (c) Microsoft Corporation. 
  
  All rights reserved.
  
