  Checking Build System
  CMake does not need to re-run because D:/gzdoom custom/Solution/CMakeFiles/generate.stamp is up-to-date.
  CMake does not need to re-run because D:/gzdoom custom/Solution/zlib/CMakeFiles/generate.stamp is up-to-date.
  CMake does not need to re-run because D:/gzdoom custom/Solution/asmjit/CMakeFiles/generate.stamp is up-to-date.
  CMake does not need to re-run because D:/gzdoom custom/Solution/jpeg/CMakeFiles/generate.stamp is up-to-date.
  CMake does not need to re-run because D:/gzdoom custom/Solution/bzip2/CMakeFiles/generate.stamp is up-to-date.
  CMake does not need to re-run because D:/gzdoom custom/Solution/game-music-emu/CMakeFiles/generate.stamp is up-to-date.
  CMake does not need to re-run because D:/gzdoom custom/Solution/game-music-emu/gme/CMakeFiles/generate.stamp is up-to-date.
  CMake does not need to re-run because D:/gzdoom custom/Solution/lzma/CMakeFiles/generate.stamp is up-to-date.
  CMake does not need to re-run because D:/gzdoom custom/Solution/tools/CMakeFiles/generate.stamp is up-to-date.
  CMake does not need to re-run because D:/gzdoom custom/Solution/tools/lemon/CMakeFiles/generate.stamp is up-to-date.
  CMake does not need to re-run because D:/gzdoom custom/Solution/tools/re2c/CMakeFiles/generate.stamp is up-to-date.
  CMake does not need to re-run because D:/gzdoom custom/Solution/tools/updaterevision/CMakeFiles/generate.stamp is up-to-date.
  CMake does not need to re-run because D:/gzdoom custom/Solution/tools/zipdir/CMakeFiles/generate.stamp is up-to-date.
  CMake does not need to re-run because D:/gzdoom custom/Solution/dumb/CMakeFiles/generate.stamp is up-to-date.
  CMake does not need to re-run because D:/gzdoom custom/Solution/gdtoa/CMakeFiles/generate.stamp is up-to-date.
  CMake does not need to re-run because D:/gzdoom custom/Solution/wadsrc/CMakeFiles/generate.stamp is up-to-date.
  CMake does not need to re-run because D:/gzdoom custom/Solution/wadsrc_bm/CMakeFiles/generate.stamp is up-to-date.
  CMake does not need to re-run because D:/gzdoom custom/Solution/wadsrc_lights/CMakeFiles/generate.stamp is up-to-date.
  CMake does not need to re-run because D:/gzdoom custom/Solution/wadsrc_extra/CMakeFiles/generate.stamp is up-to-date.
  CMake does not need to re-run because D:/gzdoom custom/Solution/src/CMakeFiles/generate.stamp is up-to-date.
