  Generating ../brightmaps.pk3
  Adding brightmaps/doom/BON2B0.png                5.1% [    94/    99] Deflate
  Adding brightmaps/doom/BON2C0.png                5.2% [    92/    97] Deflate
  Adding brightmaps/doom/BON2D0.png                6.1% [    92/    98] Deflate
  Adding brightmaps/doom/BOS2A6C4.png              4.5% [   106/   111] Deflate
  Adding brightmaps/doom/BOS2A7C3.png              3.7% [   130/   135] Deflate
  Adding brightmaps/doom/BOS2A8C2.png              2.1% [   141/   144] Deflate
  Adding brightmaps/doom/BOS2B6D4.png              4.7% [   102/   107] Deflate
  Adding brightmaps/doom/BOS2B7D3.png              4.2% [   115/   120] Deflate
  Adding brightmaps/doom/BOS2B8D2.png              3.0% [   131/   135] Deflate
  Adding brightmaps/doom/BOSSA1.png                5.2% [   110/   116] Deflate
  Adding brightmaps/doom/BOSSA2A8.png              4.2% [   114/   119] Deflate
  Adding brightmaps/doom/BOSSA3A7.png              4.3% [   110/   115] Deflate
  Adding brightmaps/doom/BOSSA4A6.png              2.9% [   133/   137] Deflate
  Adding brightmaps/doom/BOSSA5.png                3.3% [   117/   121] Deflate
  Adding brightmaps/doom/BOSSB1.png                2.8% [   140/   144] Deflate
  Adding brightmaps/doom/BOSSB2B8.png              2.2% [   133/   136] Deflate
  Adding brightmaps/doom/BOSSB3B7.png              4.2% [   113/   118] Deflate
  Adding brightmaps/doom/BOSSB4B6.png              5.5% [   104/   110] Deflate
  Adding brightmaps/doom/BOSSB5.png                3.6% [   135/   140] Deflate
  Adding brightmaps/doom/BOSSC1.png                5.2% [   109/   115] Deflate
  Adding brightmaps/doom/BOSSC2C8.png              2.1% [   140/   143] Deflate
  Adding brightmaps/doom/BOSSC3C7.png              4.4% [   131/   137] Deflate
  Adding brightmaps/doom/BOSSC4C6.png              4.5% [   107/   112] Deflate
  Adding brightmaps/doom/BOSSC5.png                3.3% [   117/   121] Deflate
  Adding brightmaps/doom/BOSSD1.png                1.4% [   137/   139] Deflate
  Adding brightmaps/doom/BOSSD2D8.png              2.3% [   130/   133] Deflate
  Adding brightmaps/doom/BOSSD3D7.png              4.0% [   120/   125] Deflate
  Adding brightmaps/doom/BOSSD4D6.png              4.7% [   101/   106] Deflate
  Adding brightmaps/doom/BOSSD5.png                3.6% [   134/   139] Deflate
  Adding brightmaps/doom/BOSSE1.png                0.0% [   357/   357] Stored
  Adding brightmaps/doom/BOSSE2.png                1.0% [   194/   196] Deflate
  Adding brightmaps/doom/BOSSE3.png                0.0% [   233/   233] Stored
  Adding brightmaps/doom/BOSSE4.png                0.0% [   294/   294] Stored
  Adding brightmaps/doom/BOSSE5.png                0.0% [   291/   291] Stored
  Adding brightmaps/doom/BOSSE6.png                1.5% [   263/   267] Deflate
  Adding brightmaps/doom/BOSSE7.png                0.0% [   305/   305] Stored
  Adding brightmaps/doom/BOSSE8.png                0.0% [   299/   299] Stored
  Adding brightmaps/doom/BOSSF1.png                0.0% [   375/   375] Stored
  Adding brightmaps/doom/BOSSF2.png                0.0% [   398/   398] Stored
  Adding brightmaps/doom/BOSSF3.png                0.0% [   217/   217] Stored
  Adding brightmaps/doom/BOSSF4.png                0.0% [   216/   216] Stored
  Adding brightmaps/doom/BOSSF5.png                0.0% [   270/   270] Stored
  Adding brightmaps/doom/BOSSF6.png                0.0% [   268/   268] Stored
  Adding brightmaps/doom/BOSSF7.png                0.0% [   337/   337] Stored
  Adding brightmaps/doom/BOSSF8.png                0.0% [   366/   366] Stored
  Adding brightmaps/doom/BOSSG1.png                0.0% [   330/   330] Stored
  Adding brightmaps/doom/BOSSG2.png                0.0% [   312/   312] Stored
  Adding brightmaps/doom/BOSSG3.png                0.0% [   313/   313] Stored
  Adding brightmaps/doom/BOSSG4.png                0.0% [   261/   261] Stored
  Adding brightmaps/doom/BOSSG5.png                0.0% [   198/   198] Stored
  Adding brightmaps/doom/BOSSG6.png                2.0% [   199/   203] Deflate
  Adding brightmaps/doom/BOSSG7.png                0.9% [   226/   228] Deflate
  Adding brightmaps/doom/BOSSG8.png                0.0% [   243/   243] Stored
  Adding brightmaps/doom/BOSSH1.png                0.0% [   167/   167] Stored
  Adding brightmaps/doom/BOSSH2.png                0.0% [   194/   194] Stored
  Adding brightmaps/doom/BOSSH3.png                1.7% [   170/   173] Deflate
  Adding brightmaps/doom/BOSSH4.png                3.3% [   116/   120] Deflate
  Adding brightmaps/doom/BOSSH5.png                4.0% [   121/   126] Deflate
  Adding brightmaps/doom/BOSSH6.png                4.0% [   120/   125] Deflate
  Adding brightmaps/doom/BOSSH7.png                1.9% [   155/   158] Deflate
  Adding brightmaps/doom/BOSSH8.png                2.5% [   157/   161] Deflate
  Adding brightmaps/doom/BOSSI0.png                3.5% [   139/   144] Deflate
  Adding brightmaps/doom/BOSSJ0.png                0.0% [   150/   150] Stored
  Adding brightmaps/doom/BOSSK0.png                2.9% [   133/   137] Deflate
  Adding brightmaps/doom/BOSSL0.png                4.6% [   124/   130] Deflate
  Adding brightmaps/doom/BOSSM0.png                5.6% [   101/   107] Deflate
  Adding brightmaps/doom/BSPIG1.png                3.8% [   126/   131] Deflate
  Adding brightmaps/doom/BSPIG2G8.png              4.9% [    97/   102] Deflate
  Adding brightmaps/doom/BSPIH1.png                1.3% [   155/   157] Deflate
  Adding brightmaps/doom/BSPIH2H8.png              2.4% [   164/   168] Deflate
  Adding brightmaps/doom/BSPIH3H7.png              4.5% [   107/   112] Deflate
  Adding brightmaps/doom/BSPIH4H6.png              4.2% [   113/   118] Deflate
  Adding brightmaps/doom/BSPIH5.png                4.1% [   116/   121] Deflate
  Adding brightmaps/doom/CELLA0.png                5.3% [    89/    94] Deflate
  Adding brightmaps/doom/CELPA0.png                5.0% [    95/   100] Deflate
  Adding brightmaps/doom/CPOSE1.png                4.1% [   116/   121] Deflate
  Adding brightmaps/doom/CPOSE2.png                2.2% [   134/   137] Deflate
  Adding brightmaps/doom/CPOSE3.png                1.4% [   144/   146] Deflate
  Adding brightmaps/doom/CPOSE5.png                4.3% [   111/   116] Deflate
  Adding brightmaps/doom/CPOSE6.png                3.4% [   112/   116] Deflate
  Adding brightmaps/doom/CPOSE7.png                2.2% [   135/   138] Deflate
  Adding brightmaps/doom/CPOSE8.png                2.1% [   140/   143] Deflate
  Adding brightmaps/doom/CPOSF1.png                0.0% [   467/   467] Stored
  Adding brightmaps/doom/CPOSF2.png                0.0% [   488/   488] Stored
  Adding brightmaps/doom/CPOSF3.png                0.0% [   400/   400] Stored
  Adding brightmaps/doom/CPOSF4.png                1.1% [   176/   178] Deflate
  Adding brightmaps/doom/CPOSF5.png                2.8% [   139/   143] Deflate
  Adding brightmaps/doom/CPOSF6.png                0.0% [   214/   214] Stored
  Adding brightmaps/doom/CPOSF7.png                0.0% [   341/   341] Stored
  Adding brightmaps/doom/CPOSF8.png                0.0% [   352/   352] Stored
  Adding brightmaps/doom/CYBRF1.png                0.0% [  1895/  1895] Stored
  Adding brightmaps/doom/CYBRF2.png                0.0% [  1976/  1976] Stored
  Adding brightmaps/doom/CYBRF3.png                0.0% [  1830/  1830] Stored
  Adding brightmaps/doom/CYBRF4.png                0.0% [  1540/  1540] Stored
  Adding brightmaps/doom/CYBRF5.png                0.0% [  1014/  1014] Stored
  Adding brightmaps/doom/CYBRF6.png                0.0% [   852/   852] Stored
  Adding brightmaps/doom/CYBRF7.png                0.0% [  1597/  1597] Stored
  Adding brightmaps/doom/CYBRF8.png                0.0% [  2259/  2259] Stored
  Adding brightmaps/doom/CYBRJ0.png                0.0% [   292/   292] Stored
  Adding brightmaps/doom/CYBRK0.png                0.0% [   420/   420] Stored
  Adding brightmaps/doom/CYBRL0.png                0.0% [   576/   576] Stored
  Adding brightmaps/doom/CYBRM0.png                0.0% [  1236/  1236] Stored
  Adding brightmaps/doom/CYBRN0.png                0.0% [  1606/  1606] Stored
  Adding brightmaps/doom/CYBRO0.png                0.0% [  1167/  1167] Stored
  Adding brightmaps/doom/FATTG1.png                8.1% [   102/   111] Deflate
  Adding brightmaps/doom/FATTG2G8.png              9.1% [   100/   110] Deflate
  Adding brightmaps/doom/FATTH1.png                0.0% [   266/   266] Stored
  Adding brightmaps/doom/FATTH2H8.png              0.0% [   184/   184] Stored
  Adding brightmaps/doom/FATTH3H7.png              0.0% [   182/   182] Stored
  Adding brightmaps/doom/FATTH4H6.png              2.9% [   136/   140] Deflate
  Adding brightmaps/doom/FATTH5.png                3.5% [   110/   114] Deflate
  Adding brightmaps/doom/FCANA0.png                0.0% [   350/   350] Stored
  Adding brightmaps/doom/FCANB0.png                0.0% [   326/   326] Stored
  Adding brightmaps/doom/FCANC0.png                0.0% [   315/   315] Stored
  Adding brightmaps/doom/HEADC1.png                1.1% [   184/   186] Deflate
  Adding brightmaps/doom/HEADC2C8.png              1.9% [   154/   157] Deflate
  Adding brightmaps/doom/HEADC3C7.png              3.9% [   122/   127] Deflate
  Adding brightmaps/doom/HEADD1.png                0.0% [   215/   215] Stored
  Adding brightmaps/doom/HEADD2D8.png              1.8% [   163/   166] Deflate
  Adding brightmaps/doom/HEADD3D7.png              1.9% [   156/   159] Deflate
  Adding brightmaps/doom/PAINF1.png                0.0% [   233/   233] Stored
  Adding brightmaps/doom/PAINF2F8.png              0.0% [   206/   206] Stored
  Adding brightmaps/doom/PAINF3F7.png              1.2% [   159/   161] Deflate
  Adding brightmaps/doom/PLAYF1.png                0.0% [   330/   330] Stored
  Adding brightmaps/doom/PLAYF2F8.png              0.0% [   367/   367] Stored
  Adding brightmaps/doom/PLAYF3F7.png              0.0% [   355/   355] Stored
  Adding brightmaps/doom/PLAYF4F6.png              0.0% [   286/   286] Stored
  Adding brightmaps/doom/PLAYF5.png                0.0% [   275/   275] Stored
  Adding brightmaps/doom/POSSE1.png                6.2% [    91/    97] Deflate
  Adding brightmaps/doom/POSSE2E8.png              6.2% [    91/    97] Deflate
  Adding brightmaps/doom/POSSE3E7.png              6.1% [    92/    98] Deflate
  Adding brightmaps/doom/POSSF1.png                0.0% [   215/   215] Stored
  Adding brightmaps/doom/POSSF2F8.png              0.0% [   232/   232] Stored
  Adding brightmaps/doom/POSSF3F7.png              1.0% [   200/   202] Deflate
  Adding brightmaps/doom/POSSF4F6.png              2.4% [   161/   165] Deflate
  Adding brightmaps/doom/POSSF5.png                3.9% [   122/   127] Deflate
  Adding brightmaps/doom/SKELJ1.png                2.0% [   150/   153] Deflate
  Adding brightmaps/doom/SKELJ2.png                1.4% [   139/   141] Deflate
  Adding brightmaps/doom/SKELJ3.png                3.3% [   118/   122] Deflate
  Adding brightmaps/doom/SKELJ4.png                2.5% [   119/   122] Deflate
  Adding brightmaps/doom/SKELJ5.png                3.2% [   122/   126] Deflate
  Adding brightmaps/doom/SKELJ6.png                3.3% [   118/   122] Deflate
  Adding brightmaps/doom/SKELJ7.png                4.3% [   112/   117] Deflate
  Adding brightmaps/doom/SKELJ8.png                2.1% [   138/   141] Deflate
  Adding brightmaps/doom/SMRTA0.png                0.8% [   238/   240] Deflate
  Adding brightmaps/doom/SMRTB0.png                0.0% [   248/   248] Stored
  Adding brightmaps/doom/SMRTC0.png                0.0% [   245/   245] Stored
  Adding brightmaps/doom/SMRTD0.png                0.0% [   250/   250] Stored
  Adding brightmaps/doom/SPIDG1.png                9.6% [   113/   125] Deflate
  Adding brightmaps/doom/SPIDG2G8.png             13.8% [   112/   130] Deflate
  Adding brightmaps/doom/SPIDH1.png                6.8% [   137/   147] Deflate
  Adding brightmaps/doom/SPIDH2H8.png              2.0% [   149/   152] Deflate
  Adding brightmaps/doom/SPIDH3H7.png             11.6% [   114/   129] Deflate
  Adding brightmaps/doom/SPIDL0.png                6.3% [   133/   142] Deflate
  Adding brightmaps/doom/SPIDM0.png                0.0% [   467/   467] Stored
  Adding brightmaps/doom/SPIDN0.png                0.0% [   535/   535] Stored
  Adding brightmaps/doom/SPIDO0.png                0.0% [   520/   520] Stored
  Adding brightmaps/doom/SPIDP0.png                0.0% [   804/   804] Stored
  Adding brightmaps/doom/SPIDQ0.png                0.0% [  1284/  1284] Stored
  Adding brightmaps/doom/SPIDR0.png                0.0% [  1762/  1762] Stored
  Adding brightmaps/doom/SPOSE1.png                6.2% [    91/    97] Deflate
  Adding brightmaps/doom/SPOSE2E8.png              6.2% [    91/    97] Deflate
  Adding brightmaps/doom/SPOSE3E7.png              7.2% [    90/    97] Deflate
  Adding brightmaps/doom/SPOSF1.png                0.0% [   272/   272] Stored
  Adding brightmaps/doom/SPOSF2F8.png              0.0% [   257/   257] Stored
  Adding brightmaps/doom/SPOSF3F7.png              0.0% [   266/   266] Stored
  Adding brightmaps/doom/SPOSF4F6.png              0.0% [   245/   245] Stored
  Adding brightmaps/doom/SPOSF5.png                2.6% [   151/   155] Deflate
  Adding brightmaps/doom/TREDA0.png                0.0% [   609/   609] Stored
  Adding brightmaps/doom/TREDB0.png                0.0% [   628/   628] Stored
  Adding brightmaps/doom/TREDC0.png                0.0% [   629/   629] Stored
  Adding brightmaps/doom/TREDD0.png                0.0% [   635/   635] Stored
  Adding brightmaps/doom/TbluB0.png                0.0% [   632/   632] Stored
  Adding brightmaps/doom/TbluC0.png                0.0% [   638/   638] Stored
  Adding brightmaps/doom/sswvg0.png                3.2% [   120/   124] Deflate
  Adding brightmaps/doom/vileg1.png                0.0% [   301/   301] Stored
  Adding brightmaps/doom/vileg2.png                2.7% [   359/   369] Deflate
  Adding brightmaps/doom/vileg3.png                0.0% [   343/   343] Stored
  Adding brightmaps/doom/vileg4.png                0.0% [   361/   361] Stored
  Adding brightmaps/doom/vileg5.png                0.0% [   313/   313] Stored
  Adding brightmaps/doom/vileg6.png                0.0% [   368/   368] Stored
  Adding brightmaps/doom/vileg7.png                0.0% [   343/   343] Stored
  Adding brightmaps/doom/vileg8.png                0.0% [   370/   370] Stored
  Adding brightmaps/doom/vileh1.png                0.0% [   859/   859] Stored
  Adding brightmaps/doom/vileh2.png                0.0% [   660/   660] Stored
  Adding brightmaps/doom/vileh3.png                0.0% [   703/   703] Stored
  Adding brightmaps/doom/vileh4.png                0.0% [   802/   802] Stored
  Adding brightmaps/doom/vileh5.png                0.0% [   787/   787] Stored
  Adding brightmaps/doom/vileh6.png                0.0% [   792/   792] Stored
  Adding brightmaps/doom/vileh7.png                0.0% [   931/   931] Stored
  Adding brightmaps/doom/vileh8.png                0.0% [  1142/  1142] Stored
  Adding brightmaps/doom/vilei1.png                0.0% [  1175/  1175] Stored
  Adding brightmaps/doom/vilei2.png                0.0% [  1185/  1185] Stored
  Adding brightmaps/doom/vilei3.png                0.0% [   917/   917] Stored
  Adding brightmaps/doom/vilei4.png                0.0% [  1099/  1099] Stored
  Adding brightmaps/doom/vilei5.png                0.0% [  1063/  1063] Stored
  Adding brightmaps/doom/vilei6.png                0.0% [   990/   990] Stored
  Adding brightmaps/doom/vilei7.png                0.0% [   937/   937] Stored
  Adding brightmaps/doom/vilei8.png                0.0% [  1031/  1031] Stored
  Adding brightmaps/doom/vilej1.png                0.0% [  1285/  1285] Stored
  Adding brightmaps/doom/vilej2.png                0.0% [  1051/  1051] Stored
  Adding brightmaps/doom/vilej3.png                0.0% [   898/   898] Stored
  Adding brightmaps/doom/vilej4.png                0.0% [   843/   843] Stored
  Adding brightmaps/doom/vilej5.png                0.0% [  1030/  1030] Stored
  Adding brightmaps/doom/vilej6.png                0.0% [   799/   799] Stored
  Adding brightmaps/doom/vilej7.png                0.0% [   870/   870] Stored
  Adding brightmaps/doom/vilej8.png                0.0% [  1061/  1061] Stored
  Adding brightmaps/doom/vilek1.png                0.0% [   754/   754] Stored
  Adding brightmaps/doom/vilek2.png                0.0% [   668/   668] Stored
  Adding brightmaps/doom/vilek3.png                0.0% [   589/   589] Stored
  Adding brightmaps/doom/vilek4.png                0.0% [   561/   561] Stored
  Adding brightmaps/doom/vilek5.png                0.0% [   632/   632] Stored
  Adding brightmaps/doom/vilek6.png                0.0% [   553/   553] Stored
  Adding brightmaps/doom/vilek7.png                0.0% [   674/   674] Stored
  Adding brightmaps/doom/vilek8.png                0.0% [   678/   678] Stored
  Adding brightmaps/doom/vilel1.png                0.0% [   668/   668] Stored
  Adding brightmaps/doom/vilel2.png                0.0% [   625/   625] Stored
  Adding brightmaps/doom/vilel3.png                0.0% [   577/   577] Stored
  Adding brightmaps/doom/vilel4.png                0.0% [   544/   544] Stored
  Adding brightmaps/doom/vilel5.png                0.0% [   611/   611] Stored
  Adding brightmaps/doom/vilel6.png                0.0% [   505/   505] Stored
  Adding brightmaps/doom/vilel7.png                0.0% [   629/   629] Stored
  Adding brightmaps/doom/vilel8.png                0.0% [   644/   644] Stored
  Adding brightmaps/doom/vilem1.png                0.0% [   683/   683] Stored
  Adding brightmaps/doom/vilem2.png                0.0% [   682/   682] Stored
  Adding brightmaps/doom/vilem3.png                0.0% [   583/   583] Stored
  Adding brightmaps/doom/vilem4.png                0.0% [   583/   583] Stored
  Adding brightmaps/doom/vilem5.png                0.0% [   636/   636] Stored
  Adding brightmaps/doom/vilem6.png                0.0% [   513/   513] Stored
  Adding brightmaps/doom/vilem7.png                0.0% [   621/   621] Stored
  Adding brightmaps/doom/vilem8.png                0.0% [   651/   651] Stored
  Adding brightmaps/doom/vilen1.png                0.0% [   896/   896] Stored
  Adding brightmaps/doom/vilen2.png                0.0% [   895/   895] Stored
  Adding brightmaps/doom/vilen3.png                0.0% [   829/   829] Stored
  Adding brightmaps/doom/vilen4.png                0.0% [   800/   800] Stored
  Adding brightmaps/doom/vilen5.png                0.0% [   556/   556] Stored
  Adding brightmaps/doom/vilen6.png                0.0% [   618/   618] Stored
  Adding brightmaps/doom/vilen7.png                0.0% [   799/   799] Stored
  Adding brightmaps/doom/vilen8.png                0.0% [   965/   965] Stored
  Adding brightmaps/doom/vileo1.png                0.0% [   881/   881] Stored
  Adding brightmaps/doom/vileo2.png                0.0% [   959/   959] Stored
  Adding brightmaps/doom/vileo3.png                0.0% [   890/   890] Stored
  Adding brightmaps/doom/vileo4.png                0.0% [   878/   878] Stored
  Adding brightmaps/doom/vileo5.png                0.0% [   577/   577] Stored
  Adding brightmaps/doom/vileo6.png                0.0% [   710/   710] Stored
  Adding brightmaps/doom/vileo7.png                0.0% [   901/   901] Stored
  Adding brightmaps/doom/vileo8.png                0.0% [  1061/  1061] Stored
  Adding brightmaps/doom/vilep1.png                0.0% [   932/   932] Stored
  Adding brightmaps/doom/vilep2.png                0.0% [   903/   903] Stored
  Adding brightmaps/doom/vilep3.png                0.0% [   947/   947] Stored
  Adding brightmaps/doom/vilep4.png                0.0% [   864/   864] Stored
  Adding brightmaps/doom/vilep5.png                0.0% [   676/   676] Stored
  Adding brightmaps/doom/vilep6.png                0.0% [   678/   678] Stored
  Adding brightmaps/doom/vilep7.png                0.0% [   898/   898] Stored
  Adding brightmaps/doom/vilep8.png                0.0% [  1027/  1027] Stored
  Adding brightmaps/heretic/BEASI1.png             3.3% [   119/   123] Deflate
  Adding brightmaps/heretic/BEASI2I8.png           3.4% [   112/   116] Deflate
  Adding brightmaps/heretic/BEASI3I7.png           3.2% [   121/   125] Deflate
  Adding brightmaps/heretic/CHDLA0.png             0.0% [   150/   150] Stored
  Adding brightmaps/heretic/CHDLB0.png             1.3% [   147/   149] Deflate
  Adding brightmaps/heretic/CHDLC0.png             1.4% [   146/   148] Deflate
  Adding brightmaps/heretic/CLNKI0.png             2.8% [   141/   145] Deflate
  Adding brightmaps/heretic/CLNKJ0.png             0.0% [   213/   213] Stored
  Adding brightmaps/heretic/CLNKK0.png             0.0% [   285/   285] Stored
  Adding brightmaps/heretic/CLNKL0.png             0.0% [   254/   254] Stored
  Adding brightmaps/heretic/CLNKM0.png             0.0% [   446/   446] Stored
  Adding brightmaps/heretic/CLNKN0.png             0.0% [   462/   462] Stored
  Adding brightmaps/heretic/IMPXD1.png             2.4% [   124/   127] Deflate
  Adding brightmaps/heretic/IMPXD2.png             3.1% [   124/   128] Deflate
  Adding brightmaps/heretic/IMPXD3.png             3.4% [   115/   119] Deflate
  Adding brightmaps/heretic/IMPXD4.png             5.6% [   101/   107] Deflate
  Adding brightmaps/heretic/IMPXD5.png             3.6% [   107/   111] Deflate
  Adding brightmaps/heretic/IMPXD6.png             3.2% [   120/   124] Deflate
  Adding brightmaps/heretic/IMPXD7.png             2.3% [   127/   130] Deflate
  Adding brightmaps/heretic/IMPXD8.png             2.2% [   134/   137] Deflate
  Adding brightmaps/heretic/IMPXE1.png             2.2% [   133/   136] Deflate
  Adding brightmaps/heretic/IMPXE2.png             3.8% [   127/   132] Deflate
  Adding brightmaps/heretic/IMPXE3.png             3.2% [   121/   125] Deflate
  Adding brightmaps/heretic/IMPXE4.png             3.4% [   113/   117] Deflate
  Adding brightmaps/heretic/IMPXE5.png             4.7% [   102/   107] Deflate
  Adding brightmaps/heretic/IMPXE6.png             3.1% [   127/   131] Deflate
  Adding brightmaps/heretic/IMPXE7.png             3.8% [   126/   131] Deflate
  Adding brightmaps/heretic/IMPXE8.png             2.2% [   135/   138] Deflate
  Adding brightmaps/heretic/IMPXF1.png             1.5% [   132/   134] Deflate
  Adding brightmaps/heretic/IMPXF2.png             2.3% [   128/   131] Deflate
  Adding brightmaps/heretic/IMPXF3.png             3.4% [   113/   117] Deflate
  Adding brightmaps/heretic/IMPXF4.png             3.3% [   119/   123] Deflate
  Adding brightmaps/heretic/IMPXF5.png             3.2% [   121/   125] Deflate
  Adding brightmaps/heretic/IMPXF6.png             4.2% [   115/   120] Deflate
  Adding brightmaps/heretic/IMPXF7.png             3.4% [   114/   118] Deflate
  Adding brightmaps/heretic/IMPXF8.png             3.2% [   122/   126] Deflate
  Adding brightmaps/heretic/LICHB1.png             2.0% [   147/   150] Deflate
  Adding brightmaps/heretic/LICHB2B8.png           1.9% [   157/   160] Deflate
  Adding brightmaps/heretic/LICHB3B7.png           3.1% [   125/   129] Deflate
  Adding brightmaps/heretic/LICHC0.png             0.0% [   276/   276] Stored
  Adding brightmaps/heretic/LICHD0.png             0.0% [   315/   315] Stored
  Adding brightmaps/heretic/LICHE0.png             0.0% [   631/   631] Stored
  Adding brightmaps/heretic/LICHF0.png             0.0% [   436/   436] Stored
  Adding brightmaps/heretic/LICHG0.png             0.0% [   525/   525] Stored
  Adding brightmaps/heretic/LICHH0.png             0.0% [   396/   396] Stored
  Adding brightmaps/heretic/PLAYF1.png             4.0% [   121/   126] Deflate
  Adding brightmaps/heretic/PLAYF2F8.png           3.2% [   122/   126] Deflate
  Adding brightmaps/heretic/PLAYF3F7.png           2.2% [   136/   139] Deflate
  Adding brightmaps/heretic/PLAYF4F6.png           1.5% [   133/   135] Deflate
  Adding brightmaps/heretic/SDTHA0.png             0.0% [   291/   291] Stored
  Adding brightmaps/heretic/SDTHB0.png             0.0% [   462/   462] Stored
  Adding brightmaps/heretic/SDTHC0.png             0.0% [   608/   608] Stored
  Adding brightmaps/heretic/SDTHD0.png             0.0% [   989/   989] Stored
  Adding brightmaps/heretic/SDTHE0.png             0.0% [  1025/  1025] Stored
  Adding brightmaps/heretic/SDTHF0.png             0.0% [  1021/  1021] Stored
  Adding brightmaps/heretic/SDTHG0.png             0.0% [   728/   728] Stored
  Adding brightmaps/heretic/SDTHH0.png             0.0% [   418/   418] Stored
  Adding brightmaps/heretic/SOR2R1.png             0.0% [   298/   298] Stored
  Adding brightmaps/heretic/SOR2R2.png             0.0% [   333/   333] Stored
  Adding brightmaps/heretic/SOR2R3.png             0.0% [   256/   256] Stored
  Adding brightmaps/heretic/SOR2R4.png             0.0% [   309/   309] Stored
  Adding brightmaps/heretic/SOR2R5.png             0.0% [   354/   354] Stored
  Adding brightmaps/heretic/SOR2R6.png             0.0% [   320/   320] Stored
  Adding brightmaps/heretic/SOR2R7.png             0.0% [   232/   232] Stored
  Adding brightmaps/heretic/SOR2R8.png             0.0% [   310/   310] Stored
  Adding brightmaps/heretic/SOR2S1.png             0.0% [   386/   386] Stored
  Adding brightmaps/heretic/SOR2S2.png             0.0% [   329/   329] Stored
  Adding brightmaps/heretic/SOR2S3.png             0.0% [   234/   234] Stored
  Adding brightmaps/heretic/SOR2S4.png             0.0% [   376/   376] Stored
  Adding brightmaps/heretic/SOR2S5.png             0.0% [   423/   423] Stored
  Adding brightmaps/heretic/SOR2S6.png             0.0% [   377/   377] Stored
  Adding brightmaps/heretic/SOR2S7.png             0.0% [   228/   228] Stored
  Adding brightmaps/heretic/SOR2S8.png             0.0% [   357/   357] Stored
  Adding brightmaps/heretic/SOR2T1.png             0.0% [   425/   425] Stored
  Adding brightmaps/heretic/SOR2T2.png             0.0% [   367/   367] Stored
  Adding brightmaps/heretic/SOR2T3.png             0.0% [   279/   279] Stored
  Adding brightmaps/heretic/SOR2T4.png             0.0% [   299/   299] Stored
  Adding brightmaps/heretic/SOR2T5.png             0.0% [   393/   393] Stored
  Adding brightmaps/heretic/SOR2T6.png             0.0% [   269/   269] Stored
  Adding brightmaps/heretic/SOR2T7.png             0.0% [   282/   282] Stored
  Adding brightmaps/heretic/SOR2T8.png             0.0% [   378/   378] Stored
  Adding brightmaps/heretic/VLCOE0.png             1.7% [   171/   174] Deflate
  Adding brightmaps/heretic/WZRDC1.png             0.0% [   246/   246] Stored
  Adding brightmaps/heretic/WZRDC2C8.png           0.0% [   242/   242] Stored
  Adding brightmaps/heretic/WZRDC3C7.png           0.0% [   169/   169] Stored
  Adding brightmaps/heretic/WZRDC4C6.png           0.0% [   245/   245] Stored
  Adding brightmaps/heretic/WZRDC5.png             0.0% [   246/   246] Stored
  Adding brightmaps/heretic/WZRDD1.png             0.0% [   186/   186] Stored
  Adding brightmaps/heretic/WZRDD2D8.png           0.0% [   173/   173] Stored
  Adding brightmaps/heretic/WZRDD3D7.png           1.8% [   164/   167] Deflate
  Adding brightmaps/heretic/WZRDD4D6.png           1.2% [   160/   162] Deflate
  Adding brightmaps/heretic/WZRDD5.png             2.7% [   144/   148] Deflate
  Adding brightmaps/heretic/WZRDF0.png             0.0% [   218/   218] Stored
  Adding brightmaps/heretic/WZRDG0.png             0.0% [   386/   386] Stored
  Adding brightmaps/heretic/WZRDH0.png             0.0% [   443/   443] Stored
  Adding brightmaps/heretic/WZRDI0.png             0.0% [   501/   501] Stored
  Adding brightmaps/heretic/WZRDJ0.png             0.0% [   420/   420] Stored
  Adding brightmaps/heretic/WZRDK0.png             0.0% [   288/   288] Stored
  Adding brightmaps/hexen/CDLRA0.png               1.4% [   146/   148] Deflate
  Adding brightmaps/hexen/CDLRB0.png               1.3% [   149/   151] Deflate
  Adding brightmaps/hexen/CDLRC0.png               2.0% [   149/   152] Deflate
  Adding brightmaps/hexen/CENTF1.png               3.4% [   114/   118] Deflate
  Adding brightmaps/hexen/CENTF2.png               4.6% [   104/   109] Deflate
  Adding brightmaps/hexen/CENTF8.png               4.6% [   103/   108] Deflate
  Adding brightmaps/hexen/ICEYG1.png               0.0% [   341/   341] Stored
  Adding brightmaps/hexen/ICEYG2G8.png             0.0% [   281/   281] Stored
  Adding brightmaps/hexen/ICEYG3G7.png             0.0% [   233/   233] Stored
  Adding brightmaps/hexen/ICEYG4G6.png             0.0% [   201/   201] Stored
  Adding brightmaps/hexen/ICEYG5.png               1.3% [   149/   151] Deflate
  Adding brightmaps/hexen/MAGEF1.png               0.0% [   179/   179] Stored
  Adding brightmaps/hexen/MAGEF2.png               2.0% [   150/   153] Deflate
  Adding brightmaps/hexen/MAGEF3.png               0.0% [   177/   177] Stored
  Adding brightmaps/hexen/MAGEF4.png               3.3% [   147/   152] Deflate
  Adding brightmaps/hexen/MAGEF5.png               3.2% [   122/   126] Deflate
  Adding brightmaps/hexen/MAGEF6.png               3.5% [   136/   141] Deflate
  Adding brightmaps/hexen/MAGEF7.png               0.0% [   183/   183] Stored
  Adding brightmaps/hexen/MAGEF8.png               0.0% [   196/   196] Stored
  Adding brightmaps/hexen/WRTHE1.png               0.0% [   419/   419] Stored
  Adding brightmaps/hexen/WRTHE2E8.png             0.0% [   347/   347] Stored
  Adding brightmaps/hexen/WRTHE3E7.png             0.0% [   246/   246] Stored
  Adding brightmaps/hexen/WRTHE4E6.png             0.0% [   267/   267] Stored
  Adding brightmaps/hexen/WRTHE5.png               0.0% [   281/   281] Stored
  Adding brightmaps/hexen/WRTHF1.png               0.0% [   637/   637] Stored
  Adding brightmaps/hexen/WRTHF2F8.png             0.0% [   424/   424] Stored
  Adding brightmaps/hexen/WRTHF3F7.png             0.0% [   395/   395] Stored
  Adding brightmaps/hexen/WRTHF4F6.png             0.0% [   421/   421] Stored
  Adding brightmaps/hexen/WRTHF5.png               0.0% [   455/   455] Stored
  Adding brightmaps/hexen/WRTHG1.png               0.0% [   385/   385] Stored
  Adding brightmaps/hexen/WRTHG2G8.png             0.0% [   321/   321] Stored
  Adding brightmaps/hexen/WRTHG3G7.png             0.0% [   343/   343] Stored
  Adding brightmaps/hexen/WRTHG4G6.png             0.0% [   322/   322] Stored
  Adding brightmaps/hexen/WRTHG5.png               0.0% [   316/   316] Stored
  Adding brightmaps/strife/MLDRE1.png              0.0% [   218/   218] Stored
  Adding brightmaps/strife/MLDRE2.png              0.0% [   189/   189] Stored
  Adding brightmaps/strife/MLDRE3.png              0.0% [   196/   196] Stored
  Adding brightmaps/strife/MLDRE4.png              0.0% [   201/   201] Stored
  Adding brightmaps/strife/MLDRE5.png              1.1% [   187/   189] Deflate
  Adding brightmaps/strife/MLDRE6.png              0.0% [   194/   194] Stored
  Adding brightmaps/strife/MLDRE7.png              1.4% [   208/   211] Deflate
  Adding brightmaps/strife/MLDRE8.png              0.0% [   227/   227] Stored
  Adding brightmaps/strife/PGRDG1.png              3.3% [   119/   123] Deflate
  Adding brightmaps/strife/PGRDG2.png              3.0% [   130/   134] Deflate
  Adding brightmaps/strife/PGRDG3.png              2.2% [   135/   138] Deflate
  Adding brightmaps/strife/PGRDG4.png              2.7% [   144/   148] Deflate
  Adding brightmaps/strife/PGRDG5.png              4.0% [   121/   126] Deflate
  Adding brightmaps/strife/PGRDG6.png              3.3% [   145/   150] Deflate
  Adding brightmaps/strife/PGRDG7.png              3.1% [   125/   129] Deflate
  Adding brightmaps/strife/PGRDG8.png              3.0% [   128/   132] Deflate
  Adding brightmaps/strife/PGRDI0.png              4.6% [   103/   108] Deflate
  Adding brightmaps/strife/PGRDJ0.png              1.1% [   178/   180] Deflate
  Adding brightmaps/strife/PGRDK0.png              1.1% [   173/   175] Deflate
  Adding brightmaps/strife/PGRDL0.png              0.0% [   169/   169] Stored
  Adding brightmaps/strife/PGRDM0.png              1.3% [   155/   157] Deflate
  Adding brightmaps/strife/PGRDN0.png              4.5% [   107/   112] Deflate
  Adding brightmaps/strife/PRGRO0.png              0.0% [   368/   368] Stored
  Adding brightmaps/strife/RBB3A0.png              0.0% [   343/   343] Stored
  Adding brightmaps/strife/RBB3B0.png              0.0% [   336/   336] Stored
  Adding brightmaps/strife/ROB1J0.png              2.2% [   132/   135] Deflate
  Adding brightmaps/strife/ROB1K0.png              1.1% [   182/   184] Deflate
  Adding brightmaps/strife/ROB1L0.png              0.0% [   252/   252] Stored
  Adding brightmaps/strife/ROB1M0.png              0.9% [   209/   211] Deflate
  Adding brightmaps/strife/ROB1N0.png              0.0% [   183/   183] Stored
  Adding brightmaps/strife/ROB1O0.png              2.0% [   149/   152] Deflate
  Adding brightmaps/strife/ROB1P0.png              0.0% [   340/   340] Stored
  Adding brightmaps/strife/ROB2F1.png              1.1% [   179/   181] Deflate
  Adding brightmaps/strife/ROB2F2.png              1.1% [   187/   189] Deflate
  Adding brightmaps/strife/ROB2F3.png              2.5% [   156/   160] Deflate
  Adding brightmaps/strife/ROB2F4.png              0.0% [   164/   164] Stored
  Adding brightmaps/strife/ROB2F5.png              1.8% [   160/   163] Deflate
  Adding brightmaps/strife/ROB2F6.png              4.7% [   102/   107] Deflate
  Adding brightmaps/strife/ROB2F7.png              5.1% [   130/   137] Deflate
  Adding brightmaps/strife/ROB2F8.png              1.1% [   172/   174] Deflate
  Adding brightmaps/strife/ROB2G0.png              0.0% [   187/   187] Stored
  Adding brightmaps/strife/ROB2H0.png              0.0% [   213/   213] Stored
  Adding brightmaps/strife/ROB2I0.png              0.0% [   336/   336] Stored
  Adding brightmaps/strife/ROB2J0.png              0.0% [   308/   308] Stored
  Adding brightmaps/strife/ROB2K0.png              0.0% [   491/   491] Stored
  Adding brightmaps/strife/ROB2L0.png              0.0% [   736/   736] Stored
  Adding brightmaps/strife/ROB2M0.png              0.0% [   256/   256] Stored
  Adding brightmaps/strife/ROB2N0.png              0.0% [   303/   303] Stored
  Adding brightmaps/strife/ROB2O0.png              1.9% [   154/   157] Deflate
  Adding brightmaps/strife/ROB3F1.png              0.0% [   213/   213] Stored
  Adding brightmaps/strife/ROB3F2.png              0.0% [   200/   200] Stored
  Adding brightmaps/strife/ROB3F3.png              0.0% [   187/   187] Stored
  Adding brightmaps/strife/ROB3F4.png              0.0% [   199/   199] Stored
  Adding brightmaps/strife/ROB3F5.png              5.6% [   136/   144] Deflate
  Adding brightmaps/strife/ROB3F6.png              0.0% [   191/   191] Stored
  Adding brightmaps/strife/ROB3F7.png              0.0% [   185/   185] Stored
  Adding brightmaps/strife/ROB3F8.png              0.0% [   230/   230] Stored
  Adding brightmaps/strife/ROB3H1.png              0.0% [   248/   248] Stored
  Adding brightmaps/strife/ROB3H2.png              0.0% [   280/   280] Stored
  Adding brightmaps/strife/ROB3H3.png              0.0% [   285/   285] Stored
  Adding brightmaps/strife/ROB3H4.png              0.0% [   333/   333] Stored
  Adding brightmaps/strife/ROB3H5.png              0.0% [   389/   389] Stored
  Adding brightmaps/strife/ROB3H6.png              0.0% [   320/   320] Stored
  Adding brightmaps/strife/ROB3H7.png              0.0% [   270/   270] Stored
  Adding brightmaps/strife/ROB3H8.png              0.0% [   302/   302] Stored
  Adding brightmaps/strife/ROB3I1.png              0.0% [   241/   241] Stored
  Adding brightmaps/strife/ROB3I2.png              0.0% [   243/   243] Stored
  Adding brightmaps/strife/ROB3I3.png              0.0% [   240/   240] Stored
  Adding brightmaps/strife/ROB3I4.png              0.0% [   306/   306] Stored
  Adding brightmaps/strife/ROB3I5.png              0.0% [   387/   387] Stored
  Adding brightmaps/strife/ROB3I6.png              0.0% [   296/   296] Stored
  Adding brightmaps/strife/ROB3I7.png              0.0% [   239/   239] Stored
  Adding brightmaps/strife/ROB3I8.png              0.0% [   247/   247] Stored
  Adding brightmaps/strife/ROB3J1.png              0.0% [   241/   241] Stored
  Adding brightmaps/strife/ROB3J2.png              0.0% [   244/   244] Stored
  Adding brightmaps/strife/ROB3J3.png              1.2% [   171/   173] Deflate
  Adding brightmaps/strife/ROB3J4.png              2.1% [   188/   192] Deflate
  Adding brightmaps/strife/ROB3J6.png              0.0% [   177/   177] Stored
  Adding brightmaps/strife/ROB3J7.png              1.8% [   167/   170] Deflate
  Adding brightmaps/strife/ROB3J8.png              0.0% [   241/   241] Stored
  Adding brightmaps/strife/ROB3M0.png              0.0% [   240/   240] Stored
  Adding brightmaps/strife/ROB3N0.png              0.0% [   498/   498] Stored
  Adding brightmaps/strife/ROB3O0.png              0.0% [   631/   631] Stored
  Adding brightmaps/strife/ROB3P0.png              0.0% [   372/   372] Stored
  Adding brightmaps/strife/ROB3Q0.png              0.0% [   198/   198] Stored
  Adding brightmaps/strife/ROB3T0.png              0.0% [   164/   164] Stored
  Adding brightmaps/strife/ROB3U0.png              0.0% [   183/   183] Stored
  Adding brightmaps/strife/ROB3V0.png              0.0% [   218/   218] Stored
  Adding brightmaps/strife/ROB3W0.png              2.9% [   136/   140] Deflate
  Adding brightmaps/strife/ROB3X0.png              4.1% [   117/   122] Deflate
  Adding brightmaps/strife/ROB3Y0.png              2.6% [   149/   153] Deflate
  Adding brightmaps/strife/ROB3Z0.png              0.0% [   196/   196] Stored
  Adding brightmaps/strife/ROB3[0.png              0.0% [   385/   385] Stored
  Adding brightmaps/strife/ROB3]0.png              0.0% [   342/   342] Stored
  Adding brightmaps/strife/ROB3^0.png             11.2% [  1206/  1358] Deflate
  Adding brightmaps/strife/SEWRH0.png              0.0% [   200/   200] Stored
  Adding brightmaps/strife/STLKP0.png              5.2% [    91/    96] Deflate
  Adding brightmaps/strife/STLKQ0.png              3.4% [   113/   117] Deflate
  Adding brightmaps/strife/STLKR0.png              4.4% [   108/   113] Deflate
  Adding brightmaps/strife/STLKS0.png              3.4% [   113/   117] Deflate
  Adding brightmaps/strife/STLKT0.png              1.3% [   147/   149] Deflate
  Adding brightmaps/strife/STLKU0.png              3.1% [   155/   160] Deflate
  Adding brightmaps/strife/STLKV0.png              0.0% [   174/   174] Stored
  Adding brightmaps/strife/STLKW0.png              0.0% [   163/   163] Stored
  Adding brightmaps/strife/STLKX0.png              3.3% [   118/   122] Deflate
  Adding brightmaps/strife/STLKY0.png              2.4% [   166/   170] Deflate
  Adding brightmaps/strife/STLKZ0.png              0.0% [   243/   243] Stored
  Adding brightmaps/strife/STLK[0.png              0.0% [   215/   215] Stored
  Adding filter/doom.doom1/gldefs.bm              92.8% [  2076/ 28876] Deflate
  Adding filter/doom.doom2/gldefs.bm              92.8% [  2076/ 28876] Deflate
  Adding filter/heretic/gldefs.bm                 92.9% [   693/  9716] Deflate
  Adding filter/hexen/gldefs.bm                   90.3% [   360/  3702] Deflate
  Adding filter/strife/gldefs.bm                  93.7% [   981/ 15463] Deflate
  D:/gzdoom custom/Solution/brightmaps.pk3 contains 500 files (updated 500)
  Building Custom Rule D:/gzdoom custom/wadsrc_bm/CMakeLists.txt
  CMake does not need to re-run because D:/gzdoom custom/Solution/wadsrc_bm/CMakeFiles/generate.stamp is up-to-date.
