  Building Custom Rule D:/gzdoom custom/jpeg/CMakeLists.txt
  CMake does not need to re-run because D:/gzdoom custom/Solution/jpeg/CMakeFiles/generate.stamp is up-to-date.
  jaricom.c
  jcomapi.c
  jdapimin.c
  jdapistd.c
  jdarith.c
  jdatasrc.c
  jdcoefct.c
  jdcolor.c
  jddctmgr.c
  jdhuff.c
  jdinput.c
  jdmainct.c
  jdmarker.c
  jdmaster.c
  jdmerge.c
  jdpostct.c
  jdsample.c
  jerror.c
  jidctflt.c
  jidctfst.c
  Generating Code...
  Compiling...
  jidctint.c
  jmemansi.c
  jmemmgr.c
D:\gzdoom custom\jpeg\jmemmgr.c(307): warning C4267: '+=': conversion from 'size_t' to 'long', possible loss of data
D:\gzdoom custom\jpeg\jmemmgr.c(367): warning C4267: '+=': conversion from 'size_t' to 'long', possible loss of data
D:\gzdoom custom\jpeg\jmemmgr.c(977): warning C4267: '-=': conversion from 'size_t' to 'long', possible loss of data
D:\gzdoom custom\jpeg\jmemmgr.c(991): warning C4267: '-=': conversion from 'size_t' to 'long', possible loss of data
  jquant1.c
  jquant2.c
  jutils.c
  Generating Code...
  jpeg.vcxproj -> D:\gzdoom custom\Solution\jpeg\Debug\jpeg.lib
